{"meta": {"format": 3, "version": "7.13.5", "timestamp": "2026-05-06T09:28:26.605426", "branch_coverage": false, "show_contexts": false}, "files": {"pyiron_base/__init__.py": {"executed_lines": [7, 8, 9, 10, 11, 12, 13, 14, 15, 16, 22, 23, 24, 25, 26, 27, 28, 29, 30, 31, 32, 33, 34, 39, 40, 41, 42, 43, 44, 45, 46, 47, 48, 49, 50, 51, 52, 54, 57, 60, 65], "summary": {"covered_lines": 41, "num_statements": 41, "percent_covered": 100.0, "percent_covered_display": "100", "missing_lines": 0, "excluded_lines": 0, "percent_statements_covered": 100.0, "percent_statements_covered_display": "100"}, "missing_lines": [], "excluded_lines": [], "functions": {"": {"executed_lines": [7, 8, 9, 10, 11, 12, 13, 14, 15, 16, 22, 23, 24, 25, 26, 27, 28, 29, 30, 31, 32, 33, 34, 39, 40, 41, 42, 43, 44, 45, 46, 47, 48, 49, 50, 51, 52, 54, 57, 60, 65], "summary": {"covered_lines": 41, "num_statements": 41, "percent_covered": 100.0, "percent_covered_display": "100", "missing_lines": 0, "excluded_lines": 0, "percent_statements_covered": 100.0, "percent_statements_covered_display": "100"}, "missing_lines": [], "excluded_lines": [], "start_line": 1}}, "classes": {"": {"executed_lines": [7, 8, 9, 10, 11, 12, 13, 14, 15, 16, 22, 23, 24, 25, 26, 27, 28, 29, 30, 31, 32, 33, 34, 39, 40, 41, 42, 43, 44, 45, 46, 47, 48, 49, 50, 51, 52, 54, 57, 60, 65], "summary": {"covered_lines": 41, "num_statements": 41, "percent_covered": 100.0, "percent_covered_display": "100", "missing_lines": 0, "excluded_lines": 0, "percent_statements_covered": 100.0, "percent_statements_covered_display": "100"}, "missing_lines": [], "excluded_lines": [], "start_line": 1}}}, "pyiron_base/_tests.py": {"executed_lines": [7, 8, 9, 10, 11, 12, 13, 15, 17, 18, 20, 21, 25, 26, 27, 28, 29, 32, 43, 44, 46, 47, 48, 52, 53, 54, 55, 56, 57, 59, 60, 61, 63, 64, 68, 70, 76, 77, 78, 79, 82, 87, 88, 89, 90, 91, 92, 93, 94, 96, 97, 98, 99, 100, 101, 102, 103, 106, 111, 112, 113, 116, 117, 119, 120, 122, 123, 124, 127, 128, 131, 132, 133, 138, 139, 140, 141, 142, 143, 146, 152, 153, 154, 155, 156, 157, 158, 159, 161, 162, 163, 164, 165, 166, 167, 168, 170, 176, 184, 185, 186, 187, 188, 189], "summary": {"covered_lines": 104, "num_statements": 109, "percent_covered": 95.41284403669725, "percent_covered_display": "95", "missing_lines": 5, "excluded_lines": 0, "percent_statements_covered": 95.41284403669725, "percent_statements_covered_display": "95"}, "missing_lines": [49, 50, 190, 191, 199], "excluded_lines": [], "functions": {"PyironTestCase.setUp": {"executed_lines": [44], "summary": {"covered_lines": 1, "num_statements": 1, "percent_covered": 100.0, "percent_covered_display": "100", "missing_lines": 0, "excluded_lines": 0, "percent_statements_covered": 100.0, "percent_statements_covered_display": "100"}, "missing_lines": [], "excluded_lines": [], "start_line": 43}, "PyironTestCase._assert_equal_numpy": {"executed_lines": [47, 48], "summary": {"covered_lines": 2, "num_statements": 4, "percent_covered": 50.0, "percent_covered_display": "50", "missing_lines": 2, "excluded_lines": 0, "percent_statements_covered": 50.0, "percent_statements_covered_display": "50"}, "missing_lines": [49, 50], "excluded_lines": [], "start_line": 46}, "PyironTestCase.setUpClass": {"executed_lines": [54, 55, 56, 57], "summary": {"covered_lines": 4, "num_statements": 4, "percent_covered": 100.0, "percent_covered_display": "100", "missing_lines": 0, "excluded_lines": 0, "percent_statements_covered": 100.0, "percent_statements_covered_display": "100"}, "missing_lines": [], "excluded_lines": [], "start_line": 53}, "PyironTestCase.tearDownClass": {"executed_lines": [61], "summary": {"covered_lines": 1, "num_statements": 1, "percent_covered": 100.0, "percent_covered_display": "100", "missing_lines": 0, "excluded_lines": 0, "percent_statements_covered": 100.0, "percent_statements_covered_display": "100"}, "missing_lines": [], "excluded_lines": [], "start_line": 60}, "PyironTestCase.docstring_module": {"executed_lines": [68], "summary": {"covered_lines": 1, "num_statements": 1, "percent_covered": 100.0, "percent_covered_display": "100", "missing_lines": 0, "excluded_lines": 0, "percent_statements_covered": 100.0, "percent_statements_covered_display": "100"}, "missing_lines": [], "excluded_lines": [], "start_line": 64}, "PyironTestCase.test_docstrings": {"executed_lines": [76, 77, 78, 79], "summary": {"covered_lines": 4, "num_statements": 4, "percent_covered": 100.0, "percent_covered_display": "100", "missing_lines": 0, "excluded_lines": 0, "percent_statements_covered": 100.0, "percent_statements_covered_display": "100"}, "missing_lines": [], "excluded_lines": [], "start_line": 70}, "TestWithProject.setUpClass": {"executed_lines": [89, 90, 91, 92, 93, 94], "summary": {"covered_lines": 6, "num_statements": 6, "percent_covered": 100.0, "percent_covered_display": "100", "missing_lines": 0, "excluded_lines": 0, "percent_statements_covered": 100.0, "percent_statements_covered_display": "100"}, "missing_lines": [], "excluded_lines": [], "start_line": 88}, "TestWithProject.tearDownClass": {"executed_lines": [98, 99, 100, 101, 102, 103], "summary": {"covered_lines": 6, "num_statements": 6, "percent_covered": 100.0, "percent_covered_display": "100", "missing_lines": 0, "excluded_lines": 0, "percent_statements_covered": 100.0, "percent_statements_covered_display": "100"}, "missing_lines": [], "excluded_lines": [], "start_line": 97}, "TestWithCleanProject.tearDown": {"executed_lines": [112, 113], "summary": {"covered_lines": 2, "num_statements": 2, "percent_covered": 100.0, "percent_covered_display": "100", "missing_lines": 0, "excluded_lines": 0, "percent_statements_covered": 100.0, "percent_statements_covered_display": "100"}, "missing_lines": [], "excluded_lines": [], "start_line": 111}, "ToyJob.__init__": {"executed_lines": [119, 120], "summary": {"covered_lines": 2, "num_statements": 2, "percent_covered": 100.0, "percent_covered_display": "100", "missing_lines": 0, "excluded_lines": 0, "percent_statements_covered": 100.0, "percent_statements_covered_display": "100"}, "missing_lines": [], "excluded_lines": [], "start_line": 117}, "ToyJob.write_input": {"executed_lines": [123, 124], "summary": {"covered_lines": 2, "num_statements": 2, "percent_covered": 100.0, "percent_covered_display": "100", "missing_lines": 0, "excluded_lines": 0, "percent_statements_covered": 100.0, "percent_statements_covered_display": "100"}, "missing_lines": [], "excluded_lines": [], "start_line": 122}, "ToyJob._check_if_input_should_be_written": {"executed_lines": [128], "summary": {"covered_lines": 1, "num_statements": 1, "percent_covered": 100.0, "percent_covered_display": "100", "missing_lines": 0, "excluded_lines": 0, "percent_statements_covered": 100.0, "percent_statements_covered_display": "100"}, "missing_lines": [], "excluded_lines": [], "start_line": 127}, "ToyJob.validate_ready_to_run": {"executed_lines": [132, 133], "summary": {"covered_lines": 2, "num_statements": 2, "percent_covered": 100.0, "percent_covered_display": "100", "missing_lines": 0, "excluded_lines": 0, "percent_statements_covered": 100.0, "percent_statements_covered_display": "100"}, "missing_lines": [], "excluded_lines": [], "start_line": 131}, "ToyJob.run_static": {"executed_lines": [139, 140, 141, 142, 143], "summary": {"covered_lines": 5, "num_statements": 5, "percent_covered": 100.0, "percent_covered_display": "100", "missing_lines": 0, "excluded_lines": 0, "percent_statements_covered": 100.0, "percent_statements_covered_display": "100"}, "missing_lines": [], "excluded_lines": [], "start_line": 138}, "TestWithFilledProject.setUpClass": {"executed_lines": [154, 155, 156, 157, 158, 159, 161, 162, 163, 164, 165, 166, 167, 168, 170], "summary": {"covered_lines": 15, "num_statements": 15, "percent_covered": 100.0, "percent_covered_display": "100", "missing_lines": 0, "excluded_lines": 0, "percent_statements_covered": 100.0, "percent_statements_covered_display": "100"}, "missing_lines": [], "excluded_lines": [], "start_line": 153}, "reset_configuration": {"executed_lines": [185, 186, 187, 188, 189], "summary": {"covered_lines": 5, "num_statements": 8, "percent_covered": 62.5, "percent_covered_display": "62", "missing_lines": 3, "excluded_lines": 0, "percent_statements_covered": 62.5, "percent_statements_covered_display": "62"}, "missing_lines": [190, 191, 199], "excluded_lines": [], "start_line": 184}, "": {"executed_lines": [7, 8, 9, 10, 11, 12, 13, 15, 17, 18, 20, 21, 25, 26, 27, 28, 29, 32, 43, 46, 52, 53, 59, 60, 63, 64, 70, 82, 87, 88, 96, 97, 106, 111, 116, 117, 122, 127, 131, 138, 146, 152, 153, 176, 184], "summary": {"covered_lines": 45, "num_statements": 45, "percent_covered": 100.0, "percent_covered_display": "100", "missing_lines": 0, "excluded_lines": 0, "percent_statements_covered": 100.0, "percent_statements_covered_display": "100"}, "missing_lines": [], "excluded_lines": [], "start_line": 1}}, "classes": {"PyironTestCase": {"executed_lines": [44, 47, 48, 54, 55, 56, 57, 61, 68, 76, 77, 78, 79], "summary": {"covered_lines": 13, "num_statements": 15, "percent_covered": 86.66666666666667, "percent_covered_display": "87", "missing_lines": 2, "excluded_lines": 0, "percent_statements_covered": 86.66666666666667, "percent_statements_covered_display": "87"}, "missing_lines": [49, 50], "excluded_lines": [], "start_line": 32}, "TestWithProject": {"executed_lines": [89, 90, 91, 92, 93, 94, 98, 99, 100, 101, 102, 103], "summary": {"covered_lines": 12, "num_statements": 12, "percent_covered": 100.0, "percent_covered_display": "100", "missing_lines": 0, "excluded_lines": 0, "percent_statements_covered": 100.0, "percent_statements_covered_display": "100"}, "missing_lines": [], "excluded_lines": [], "start_line": 82}, "TestWithCleanProject": {"executed_lines": [112, 113], "summary": {"covered_lines": 2, "num_statements": 2, "percent_covered": 100.0, "percent_covered_display": "100", "missing_lines": 0, "excluded_lines": 0, "percent_statements_covered": 100.0, "percent_statements_covered_display": "100"}, "missing_lines": [], "excluded_lines": [], "start_line": 106}, "ToyJob": {"executed_lines": [119, 120, 123, 124, 128, 132, 133, 139, 140, 141, 142, 143], "summary": {"covered_lines": 12, "num_statements": 12, "percent_covered": 100.0, "percent_covered_display": "100", "missing_lines": 0, "excluded_lines": 0, "percent_statements_covered": 100.0, "percent_statements_covered_display": "100"}, "missing_lines": [], "excluded_lines": [], "start_line": 116}, "TestWithFilledProject": {"executed_lines": [154, 155, 156, 157, 158, 159, 161, 162, 163, 164, 165, 166, 167, 168, 170], "summary": {"covered_lines": 15, "num_statements": 15, "percent_covered": 100.0, "percent_covered_display": "100", "missing_lines": 0, "excluded_lines": 0, "percent_statements_covered": 100.0, "percent_statements_covered_display": "100"}, "missing_lines": [], "excluded_lines": [], "start_line": 146}, "": {"executed_lines": [7, 8, 9, 10, 11, 12, 13, 15, 17, 18, 20, 21, 25, 26, 27, 28, 29, 32, 43, 46, 52, 53, 59, 60, 63, 64, 70, 82, 87, 88, 96, 97, 106, 111, 116, 117, 122, 127, 131, 138, 146, 152, 153, 176, 184, 185, 186, 187, 188, 189], "summary": {"covered_lines": 50, "num_statements": 53, "percent_covered": 94.33962264150944, "percent_covered_display": "94", "missing_lines": 3, "excluded_lines": 0, "percent_statements_covered": 94.33962264150944, "percent_statements_covered_display": "94"}, "missing_lines": [190, 191, 199], "excluded_lines": [], "start_line": 1}}}, "pyiron_base/cli/__init__.py": {"executed_lines": [], "summary": {"covered_lines": 0, "num_statements": 2, "percent_covered": 0.0, "percent_covered_display": "0", "missing_lines": 2, "excluded_lines": 0, "percent_statements_covered": 0.0, "percent_statements_covered_display": "0"}, "missing_lines": [1, 3], "excluded_lines": [], "functions": {"": {"executed_lines": [], "summary": {"covered_lines": 0, "num_statements": 2, "percent_covered": 0.0, "percent_covered_display": "0", "missing_lines": 2, "excluded_lines": 0, "percent_statements_covered": 0.0, "percent_statements_covered_display": "0"}, "missing_lines": [1, 3], "excluded_lines": [], "start_line": 1}}, "classes": {"": {"executed_lines": [], "summary": {"covered_lines": 0, "num_statements": 2, "percent_covered": 0.0, "percent_covered_display": "0", "missing_lines": 2, "excluded_lines": 0, "percent_statements_covered": 0.0, "percent_statements_covered_display": "0"}, "missing_lines": [1, 3], "excluded_lines": [], "start_line": 1}}}, "pyiron_base/cli/__main__.py": {"executed_lines": [], "summary": {"covered_lines": 0, "num_statements": 2, "percent_covered": 0.0, "percent_covered_display": "0", "missing_lines": 2, "excluded_lines": 0, "percent_statements_covered": 0.0, "percent_statements_covered_display": "0"}, "missing_lines": [1, 3], "excluded_lines": [], "functions": {"": {"executed_lines": [], "summary": {"covered_lines": 0, "num_statements": 2, "percent_covered": 0.0, "percent_covered_display": "0", "missing_lines": 2, "excluded_lines": 0, "percent_statements_covered": 0.0, "percent_statements_covered_display": "0"}, "missing_lines": [1, 3], "excluded_lines": [], "start_line": 1}}, "classes": {"": {"executed_lines": [], "summary": {"covered_lines": 0, "num_statements": 2, "percent_covered": 0.0, "percent_covered_display": "0", "missing_lines": 2, "excluded_lines": 0, "percent_statements_covered": 0.0, "percent_statements_covered_display": "0"}, "missing_lines": [1, 3], "excluded_lines": [], "start_line": 1}}}, "pyiron_base/cli/control.py": {"executed_lines": [], "summary": {"covered_lines": 0, "num_statements": 28, "percent_covered": 0.0, "percent_covered_display": "0", "missing_lines": 28, "excluded_lines": 0, "percent_statements_covered": 0.0, "percent_statements_covered_display": "0"}, "missing_lines": [7, 8, 9, 11, 13, 14, 18, 19, 20, 21, 22, 24, 35, 36, 37, 40, 42, 44, 45, 46, 53, 54, 55, 56, 60, 61, 63, 64], "excluded_lines": [], "functions": {"main": {"executed_lines": [], "summary": {"covered_lines": 0, "num_statements": 15, "percent_covered": 0.0, "percent_covered_display": "0", "missing_lines": 15, "excluded_lines": 0, "percent_statements_covered": 0.0, "percent_statements_covered_display": "0"}, "missing_lines": [36, 37, 40, 42, 44, 45, 46, 53, 54, 55, 56, 60, 61, 63, 64], "excluded_lines": [], "start_line": 35}, "": {"executed_lines": [], "summary": {"covered_lines": 0, "num_statements": 13, "percent_covered": 0.0, "percent_covered_display": "0", "missing_lines": 13, "excluded_lines": 0, "percent_statements_covered": 0.0, "percent_statements_covered_display": "0"}, "missing_lines": [7, 8, 9, 11, 13, 14, 18, 19, 20, 21, 22, 24, 35], "excluded_lines": [], "start_line": 1}}, "classes": {"": {"executed_lines": [], "summary": {"covered_lines": 0, "num_statements": 28, "percent_covered": 0.0, "percent_covered_display": "0", "missing_lines": 28, "excluded_lines": 0, "percent_statements_covered": 0.0, "percent_statements_covered_display": "0"}, "missing_lines": [7, 8, 9, 11, 13, 14, 18, 19, 20, 21, 22, 24, 35, 36, 37, 40, 42, 44, 45, 46, 53, 54, 55, 56, 60, 61, 63, 64], "excluded_lines": [], "start_line": 1}}}, "pyiron_base/cli/cp.py": {"executed_lines": [], "summary": {"covered_lines": 0, "num_statements": 9, "percent_covered": 0.0, "percent_covered_display": "0", "missing_lines": 9, "excluded_lines": 0, "percent_statements_covered": 0.0, "percent_statements_covered_display": "0"}, "missing_lines": [8, 10, 13, 14, 15, 18, 19, 20, 21], "excluded_lines": [], "functions": {"register": {"executed_lines": [], "summary": {"covered_lines": 0, "num_statements": 2, "percent_covered": 0.0, "percent_covered_display": "0", "missing_lines": 2, "excluded_lines": 0, "percent_statements_covered": 0.0, "percent_statements_covered_display": "0"}, "missing_lines": [14, 15], "excluded_lines": [], "start_line": 13}, "main": {"executed_lines": [], "summary": {"covered_lines": 0, "num_statements": 3, "percent_covered": 0.0, "percent_covered_display": "0", "missing_lines": 3, "excluded_lines": 0, "percent_statements_covered": 0.0, "percent_statements_covered_display": "0"}, "missing_lines": [19, 20, 21], "excluded_lines": [], "start_line": 18}, "": {"executed_lines": [], "summary": {"covered_lines": 0, "num_statements": 4, "percent_covered": 0.0, "percent_covered_display": "0", "missing_lines": 4, "excluded_lines": 0, "percent_statements_covered": 0.0, "percent_statements_covered_display": "0"}, "missing_lines": [8, 10, 13, 18], "excluded_lines": [], "start_line": 1}}, "classes": {"": {"executed_lines": [], "summary": {"covered_lines": 0, "num_statements": 9, "percent_covered": 0.0, "percent_covered_display": "0", "missing_lines": 9, "excluded_lines": 0, "percent_statements_covered": 0.0, "percent_statements_covered_display": "0"}, "missing_lines": [8, 10, 13, 14, 15, 18, 19, 20, 21], "excluded_lines": [], "start_line": 1}}}, "pyiron_base/cli/install.py": {"executed_lines": [], "summary": {"covered_lines": 0, "num_statements": 16, "percent_covered": 0.0, "percent_covered_display": "0", "missing_lines": 16, "excluded_lines": 0, "percent_statements_covered": 0.0, "percent_statements_covered_display": "0"}, "missing_lines": [8, 10, 12, 13, 17, 18, 19, 20, 21, 24, 25, 31, 37, 43, 51, 52], "excluded_lines": [], "functions": {"register": {"executed_lines": [], "summary": {"covered_lines": 0, "num_statements": 4, "percent_covered": 0.0, "percent_covered_display": "0", "missing_lines": 4, "excluded_lines": 0, "percent_statements_covered": 0.0, "percent_statements_covered_display": "0"}, "missing_lines": [25, 31, 37, 43], "excluded_lines": [], "start_line": 24}, "main": {"executed_lines": [], "summary": {"covered_lines": 0, "num_statements": 1, "percent_covered": 0.0, "percent_covered_display": "0", "missing_lines": 1, "excluded_lines": 0, "percent_statements_covered": 0.0, "percent_statements_covered_display": "0"}, "missing_lines": [52], "excluded_lines": [], "start_line": 51}, "": {"executed_lines": [], "summary": {"covered_lines": 0, "num_statements": 11, "percent_covered": 0.0, "percent_covered_display": "0", "missing_lines": 11, "excluded_lines": 0, "percent_statements_covered": 0.0, "percent_statements_covered_display": "0"}, "missing_lines": [8, 10, 12, 13, 17, 18, 19, 20, 21, 24, 51], "excluded_lines": [], "start_line": 1}}, "classes": {"": {"executed_lines": [], "summary": {"covered_lines": 0, "num_statements": 16, "percent_covered": 0.0, "percent_covered_display": "0", "missing_lines": 16, "excluded_lines": 0, "percent_statements_covered": 0.0, "percent_statements_covered_display": "0"}, "missing_lines": [8, 10, 12, 13, 17, 18, 19, 20, 21, 24, 25, 31, 37, 43, 51, 52], "excluded_lines": [], "start_line": 1}}}, "pyiron_base/cli/ls.py": {"executed_lines": [], "summary": {"covered_lines": 0, "num_statements": 52, "percent_covered": 0.0, "percent_covered_display": "0", "missing_lines": 52, "excluded_lines": 0, "percent_statements_covered": 0.0, "percent_statements_covered_display": "0"}, "missing_lines": [7, 8, 9, 10, 12, 14, 15, 17, 18, 22, 23, 24, 25, 26, 28, 29, 46, 47, 51, 56, 59, 66, 72, 82, 91, 94, 111, 121, 126, 127, 128, 129, 131, 132, 133, 134, 135, 138, 144, 145, 149, 151, 160, 161, 163, 164, 165, 166, 167, 169, 170, 171], "excluded_lines": [], "functions": {"register": {"executed_lines": [], "summary": {"covered_lines": 0, "num_statements": 11, "percent_covered": 0.0, "percent_covered_display": "0", "missing_lines": 11, "excluded_lines": 0, "percent_statements_covered": 0.0, "percent_statements_covered_display": "0"}, "missing_lines": [47, 51, 56, 59, 66, 72, 82, 91, 94, 111, 121], "excluded_lines": [], "start_line": 46}, "main": {"executed_lines": [], "summary": {"covered_lines": 0, "num_statements": 23, "percent_covered": 0.0, "percent_covered_display": "0", "missing_lines": 23, "excluded_lines": 0, "percent_statements_covered": 0.0, "percent_statements_covered_display": "0"}, "missing_lines": [127, 128, 129, 131, 132, 133, 134, 135, 138, 144, 145, 149, 151, 160, 161, 163, 164, 165, 166, 167, 169, 170, 171], "excluded_lines": [], "start_line": 126}, "": {"executed_lines": [], "summary": {"covered_lines": 0, "num_statements": 18, "percent_covered": 0.0, "percent_covered_display": "0", "missing_lines": 18, "excluded_lines": 0, "percent_statements_covered": 0.0, "percent_statements_covered_display": "0"}, "missing_lines": [7, 8, 9, 10, 12, 14, 15, 17, 18, 22, 23, 24, 25, 26, 28, 29, 46, 126], "excluded_lines": [], "start_line": 1}}, "classes": {"": {"executed_lines": [], "summary": {"covered_lines": 0, "num_statements": 52, "percent_covered": 0.0, "percent_covered_display": "0", "missing_lines": 52, "excluded_lines": 0, "percent_statements_covered": 0.0, "percent_statements_covered_display": "0"}, "missing_lines": [7, 8, 9, 10, 12, 14, 15, 17, 18, 22, 23, 24, 25, 26, 28, 29, 46, 47, 51, 56, 59, 66, 72, 82, 91, 94, 111, 121, 126, 127, 128, 129, 131, 132, 133, 134, 135, 138, 144, 145, 149, 151, 160, 161, 163, 164, 165, 166, 167, 169, 170, 171], "excluded_lines": [], "start_line": 1}}}, "pyiron_base/cli/mv.py": {"executed_lines": [], "summary": {"covered_lines": 0, "num_statements": 9, "percent_covered": 0.0, "percent_covered_display": "0", "missing_lines": 9, "excluded_lines": 0, "percent_statements_covered": 0.0, "percent_statements_covered_display": "0"}, "missing_lines": [8, 10, 13, 14, 15, 18, 19, 20, 21], "excluded_lines": [], "functions": {"register": {"executed_lines": [], "summary": {"covered_lines": 0, "num_statements": 2, "percent_covered": 0.0, "percent_covered_display": "0", "missing_lines": 2, "excluded_lines": 0, "percent_statements_covered": 0.0, "percent_statements_covered_display": "0"}, "missing_lines": [14, 15], "excluded_lines": [], "start_line": 13}, "main": {"executed_lines": [], "summary": {"covered_lines": 0, "num_statements": 3, "percent_covered": 0.0, "percent_covered_display": "0", "missing_lines": 3, "excluded_lines": 0, "percent_statements_covered": 0.0, "percent_statements_covered_display": "0"}, "missing_lines": [19, 20, 21], "excluded_lines": [], "start_line": 18}, "": {"executed_lines": [], "summary": {"covered_lines": 0, "num_statements": 4, "percent_covered": 0.0, "percent_covered_display": "0", "missing_lines": 4, "excluded_lines": 0, "percent_statements_covered": 0.0, "percent_statements_covered_display": "0"}, "missing_lines": [8, 10, 13, 18], "excluded_lines": [], "start_line": 1}}, "classes": {"": {"executed_lines": [], "summary": {"covered_lines": 0, "num_statements": 9, "percent_covered": 0.0, "percent_covered_display": "0", "missing_lines": 9, "excluded_lines": 0, "percent_statements_covered": 0.0, "percent_statements_covered_display": "0"}, "missing_lines": [8, 10, 13, 14, 15, 18, 19, 20, 21], "excluded_lines": [], "start_line": 1}}}, "pyiron_base/cli/reloadfile.py": {"executed_lines": [], "summary": {"covered_lines": 0, "num_statements": 26, "percent_covered": 0.0, "percent_covered_display": "0", "missing_lines": 26, "excluded_lines": 0, "percent_statements_covered": 0.0, "percent_statements_covered_display": "0"}, "missing_lines": [4, 5, 6, 8, 10, 11, 14, 15, 20, 27, 28, 29, 30, 31, 33, 34, 36, 37, 38, 39, 40, 41, 58, 59, 60, 61], "excluded_lines": [], "functions": {"register": {"executed_lines": [], "summary": {"covered_lines": 0, "num_statements": 2, "percent_covered": 0.0, "percent_covered_display": "0", "missing_lines": 2, "excluded_lines": 0, "percent_statements_covered": 0.0, "percent_statements_covered_display": "0"}, "missing_lines": [15, 20], "excluded_lines": [], "start_line": 14}, "main": {"executed_lines": [], "summary": {"covered_lines": 0, "num_statements": 16, "percent_covered": 0.0, "percent_covered_display": "0", "missing_lines": 16, "excluded_lines": 0, "percent_statements_covered": 0.0, "percent_statements_covered_display": "0"}, "missing_lines": [28, 29, 30, 31, 33, 34, 36, 37, 38, 39, 40, 41, 58, 59, 60, 61], "excluded_lines": [], "start_line": 27}, "": {"executed_lines": [], "summary": {"covered_lines": 0, "num_statements": 8, "percent_covered": 0.0, "percent_covered_display": "0", "missing_lines": 8, "excluded_lines": 0, "percent_statements_covered": 0.0, "percent_statements_covered_display": "0"}, "missing_lines": [4, 5, 6, 8, 10, 11, 14, 27], "excluded_lines": [], "start_line": 1}}, "classes": {"": {"executed_lines": [], "summary": {"covered_lines": 0, "num_statements": 26, "percent_covered": 0.0, "percent_covered_display": "0", "missing_lines": 26, "excluded_lines": 0, "percent_statements_covered": 0.0, "percent_statements_covered_display": "0"}, "missing_lines": [4, 5, 6, 8, 10, 11, 14, 15, 20, 27, 28, 29, 30, 31, 33, 34, 36, 37, 38, 39, 40, 41, 58, 59, 60, 61], "excluded_lines": [], "start_line": 1}}}, "pyiron_base/cli/rm.py": {"executed_lines": [], "summary": {"covered_lines": 0, "num_statements": 21, "percent_covered": 0.0, "percent_covered_display": "0", "missing_lines": 21, "excluded_lines": 0, "percent_statements_covered": 0.0, "percent_statements_covered_display": "0"}, "missing_lines": [7, 8, 10, 12, 13, 17, 18, 19, 20, 21, 24, 25, 28, 31, 36, 37, 38, 39, 41, 42, 43], "excluded_lines": [], "functions": {"register": {"executed_lines": [], "summary": {"covered_lines": 0, "num_statements": 3, "percent_covered": 0.0, "percent_covered_display": "0", "missing_lines": 3, "excluded_lines": 0, "percent_statements_covered": 0.0, "percent_statements_covered_display": "0"}, "missing_lines": [25, 28, 31], "excluded_lines": [], "start_line": 24}, "main": {"executed_lines": [], "summary": {"covered_lines": 0, "num_statements": 6, "percent_covered": 0.0, "percent_covered_display": "0", "missing_lines": 6, "excluded_lines": 0, "percent_statements_covered": 0.0, "percent_statements_covered_display": "0"}, "missing_lines": [37, 38, 39, 41, 42, 43], "excluded_lines": [], "start_line": 36}, "": {"executed_lines": [], "summary": {"covered_lines": 0, "num_statements": 12, "percent_covered": 0.0, "percent_covered_display": "0", "missing_lines": 12, "excluded_lines": 0, "percent_statements_covered": 0.0, "percent_statements_covered_display": "0"}, "missing_lines": [7, 8, 10, 12, 13, 17, 18, 19, 20, 21, 24, 36], "excluded_lines": [], "start_line": 1}}, "classes": {"": {"executed_lines": [], "summary": {"covered_lines": 0, "num_statements": 21, "percent_covered": 0.0, "percent_covered_display": "0", "missing_lines": 21, "excluded_lines": 0, "percent_statements_covered": 0.0, "percent_statements_covered_display": "0"}, "missing_lines": [7, 8, 10, 12, 13, 17, 18, 19, 20, 21, 24, 25, 28, 31, 36, 37, 38, 39, 41, 42, 43], "excluded_lines": [], "start_line": 1}}}, "pyiron_base/cli/wrapper.py": {"executed_lines": [], "summary": {"covered_lines": 0, "num_statements": 11, "percent_covered": 0.0, "percent_covered_display": "0", "missing_lines": 11, "excluded_lines": 0, "percent_statements_covered": 0.0, "percent_statements_covered_display": "0"}, "missing_lines": [7, 9, 12, 13, 19, 20, 23, 24, 30, 38, 39], "excluded_lines": [], "functions": {"register": {"executed_lines": [], "summary": {"covered_lines": 0, "num_statements": 6, "percent_covered": 0.0, "percent_covered_display": "0", "missing_lines": 6, "excluded_lines": 0, "percent_statements_covered": 0.0, "percent_statements_covered_display": "0"}, "missing_lines": [13, 19, 20, 23, 24, 30], "excluded_lines": [], "start_line": 12}, "main": {"executed_lines": [], "summary": {"covered_lines": 0, "num_statements": 1, "percent_covered": 0.0, "percent_covered_display": "0", "missing_lines": 1, "excluded_lines": 0, "percent_statements_covered": 0.0, "percent_statements_covered_display": "0"}, "missing_lines": [39], "excluded_lines": [], "start_line": 38}, "": {"executed_lines": [], "summary": {"covered_lines": 0, "num_statements": 4, "percent_covered": 0.0, "percent_covered_display": "0", "missing_lines": 4, "excluded_lines": 0, "percent_statements_covered": 0.0, "percent_statements_covered_display": "0"}, "missing_lines": [7, 9, 12, 38], "excluded_lines": [], "start_line": 1}}, "classes": {"": {"executed_lines": [], "summary": {"covered_lines": 0, "num_statements": 11, "percent_covered": 0.0, "percent_covered_display": "0", "missing_lines": 11, "excluded_lines": 0, "percent_statements_covered": 0.0, "percent_statements_covered_display": "0"}, "missing_lines": [7, 9, 12, 13, 19, 20, 23, 24, 30, 38, 39], "excluded_lines": [], "start_line": 1}}}, "pyiron_base/database/__init__.py": {"executed_lines": [], "summary": {"covered_lines": 0, "num_statements": 0, "percent_covered": 100.0, "percent_covered_display": "100", "missing_lines": 0, "excluded_lines": 0, "percent_statements_covered": 100.0, "percent_statements_covered_display": "100"}, "missing_lines": [], "excluded_lines": [], "functions": {"": {"executed_lines": [], "summary": {"covered_lines": 0, "num_statements": 0, "percent_covered": 100.0, "percent_covered_display": "100", "missing_lines": 0, "excluded_lines": 0, "percent_statements_covered": 100.0, "percent_statements_covered_display": "100"}, "missing_lines": [], "excluded_lines": [], "start_line": 1}}, "classes": {"": {"executed_lines": [], "summary": {"covered_lines": 0, "num_statements": 0, "percent_covered": 100.0, "percent_covered_display": "100", "missing_lines": 0, "excluded_lines": 0, "percent_statements_covered": 100.0, "percent_statements_covered_display": "100"}, "missing_lines": [], "excluded_lines": [], "start_line": 1}}}, "pyiron_base/database/filetable.py": {"executed_lines": [8, 9, 10, 11, 12, 14, 15, 16, 17, 19, 21, 22, 26, 27, 28, 29, 30, 33, 53, 59, 61, 62, 63, 64, 68, 70, 73, 76, 77, 79, 82, 97, 98, 99, 100, 101, 102, 104, 129, 130, 131, 133, 134, 140, 141, 142, 143, 146, 148, 155, 156, 157, 161, 163, 170, 171, 173, 176, 177, 178, 179, 181, 183, 200, 202, 203, 204, 205, 207, 208, 209, 215, 218, 220, 246, 247, 252, 313, 314, 315, 316, 317, 319, 322, 323, 324, 325, 329, 349, 351, 353, 360, 365, 366, 367, 370, 372, 385, 387, 388, 389, 390, 391, 392, 396, 401, 403, 404, 410, 420, 422, 446, 459, 460, 461, 462, 463, 464, 465, 466, 470, 471, 474, 479, 480, 481, 483, 494, 495, 496, 497, 499, 510, 536, 540, 544, 545, 546, 554, 560, 565, 566, 567, 580, 581, 592, 593, 594, 595, 596, 615, 616, 617, 619, 629, 630, 631, 636, 659, 660, 662, 663, 664, 672, 674, 700, 702, 712, 722, 725, 736, 743, 754, 757, 768, 769, 771, 774, 785, 786, 787, 789], "summary": {"covered_lines": 182, "num_statements": 225, "percent_covered": 80.88888888888889, "percent_covered_display": "81", "missing_lines": 43, "excluded_lines": 0, "percent_statements_covered": 80.88888888888889, "percent_statements_covered_display": "81"}, "missing_lines": [201, 210, 318, 320, 327, 350, 352, 361, 362, 363, 364, 386, 397, 402, 406, 432, 433, 434, 435, 436, 442, 443, 444, 467, 468, 475, 507, 508, 518, 519, 520, 521, 528, 529, 568, 571, 572, 573, 574, 578, 661, 668, 709], "excluded_lines": [], "functions": {"FileTableSingleton.__call__": {"executed_lines": [62, 63, 64, 68], "summary": {"covered_lines": 4, "num_statements": 4, "percent_covered": 100.0, "percent_covered_display": "100", "missing_lines": 0, "excluded_lines": 0, "percent_statements_covered": 100.0, "percent_statements_covered_display": "100"}, "missing_lines": [], "excluded_lines": [], "start_line": 61}, "FileTableSingleton._get_fileindex_if_theres_a_common_path": {"executed_lines": [73, 76, 77, 79], "summary": {"covered_lines": 4, "num_statements": 4, "percent_covered": 100.0, "percent_covered_display": "100", "missing_lines": 0, "excluded_lines": 0, "percent_statements_covered": 100.0, "percent_statements_covered_display": "100"}, "missing_lines": [], "excluded_lines": [], "start_line": 70}, "FileTable.__init__": {"executed_lines": [98, 99, 100, 101, 102], "summary": {"covered_lines": 5, "num_statements": 5, "percent_covered": 100.0, "percent_covered_display": "100", "missing_lines": 0, "excluded_lines": 0, "percent_statements_covered": 100.0, "percent_statements_covered_display": "100"}, "missing_lines": [], "excluded_lines": [], "start_line": 97}, "FileTable.add_item_dict": {"executed_lines": [129, 130, 131, 133, 134, 140, 141, 142, 143, 146], "summary": {"covered_lines": 10, "num_statements": 10, "percent_covered": 100.0, "percent_covered_display": "100", "missing_lines": 0, "excluded_lines": 0, "percent_statements_covered": 100.0, "percent_statements_covered_display": "100"}, "missing_lines": [], "excluded_lines": [], "start_line": 104}, "FileTable.delete_item": {"executed_lines": [155, 156, 157, 161], "summary": {"covered_lines": 4, "num_statements": 4, "percent_covered": 100.0, "percent_covered_display": "100", "missing_lines": 0, "excluded_lines": 0, "percent_statements_covered": 100.0, "percent_statements_covered_display": "100"}, "missing_lines": [], "excluded_lines": [], "start_line": 148}, "FileTable.force_reset": {"executed_lines": [170, 171, 173, 176, 177, 178, 179, 181], "summary": {"covered_lines": 8, "num_statements": 8, "percent_covered": 100.0, "percent_covered_display": "100", "missing_lines": 0, "excluded_lines": 0, "percent_statements_covered": 100.0, "percent_statements_covered_display": "100"}, "missing_lines": [], "excluded_lines": [], "start_line": 163}, "FileTable.get_child_ids": {"executed_lines": [200, 202, 203, 204, 205, 207, 208, 209, 215, 218], "summary": {"covered_lines": 10, "num_statements": 12, "percent_covered": 83.33333333333333, "percent_covered_display": "83", "missing_lines": 2, "excluded_lines": 0, "percent_statements_covered": 83.33333333333333, "percent_statements_covered_display": "83"}, "missing_lines": [201, 210], "excluded_lines": [], "start_line": 183}, "FileTable.get_item_by_id": {"executed_lines": [246, 247], "summary": {"covered_lines": 2, "num_statements": 2, "percent_covered": 100.0, "percent_covered_display": "100", "missing_lines": 0, "excluded_lines": 0, "percent_statements_covered": 100.0, "percent_statements_covered_display": "100"}, "missing_lines": [], "excluded_lines": [], "start_line": 220}, "FileTable.get_items_dict": {"executed_lines": [313, 314, 315, 316, 317, 319, 322, 323, 324, 325], "summary": {"covered_lines": 10, "num_statements": 13, "percent_covered": 76.92307692307692, "percent_covered_display": "77", "missing_lines": 3, "excluded_lines": 0, "percent_statements_covered": 76.92307692307692, "percent_statements_covered_display": "77"}, "missing_lines": [318, 320, 327], "excluded_lines": [], "start_line": 252}, "FileTable._get_jobs": {"executed_lines": [349, 351, 353, 360, 365, 366, 367, 370], "summary": {"covered_lines": 8, "num_statements": 14, "percent_covered": 57.142857142857146, "percent_covered_display": "57", "missing_lines": 6, "excluded_lines": 0, "percent_statements_covered": 57.142857142857146, "percent_statements_covered_display": "57"}, "missing_lines": [350, 352, 361, 362, 363, 364], "excluded_lines": [], "start_line": 329}, "FileTable.get_job_id": {"executed_lines": [385, 387, 388, 389, 390, 391, 392, 396, 401, 403, 404], "summary": {"covered_lines": 11, "num_statements": 15, "percent_covered": 73.33333333333333, "percent_covered_display": "73", "missing_lines": 4, "excluded_lines": 0, "percent_statements_covered": 73.33333333333333, "percent_statements_covered_display": "73"}, "missing_lines": [386, 397, 402, 406], "excluded_lines": [], "start_line": 372}, "FileTable.get_job_status": {"executed_lines": [420], "summary": {"covered_lines": 1, "num_statements": 1, "percent_covered": 100.0, "percent_covered_display": "100", "missing_lines": 0, "excluded_lines": 0, "percent_statements_covered": 100.0, "percent_statements_covered_display": "100"}, "missing_lines": [], "excluded_lines": [], "start_line": 410}, "FileTable.get_job_working_directory": {"executed_lines": [], "summary": {"covered_lines": 0, "num_statements": 8, "percent_covered": 0.0, "percent_covered_display": "0", "missing_lines": 8, "excluded_lines": 0, "percent_statements_covered": 0.0, "percent_statements_covered_display": "0"}, "missing_lines": [432, 433, 434, 435, 436, 442, 443, 444], "excluded_lines": [], "start_line": 422}, "FileTable.init_table": {"executed_lines": [459, 460, 461, 462, 463, 464, 465, 466, 470, 471, 474, 479, 480, 481], "summary": {"covered_lines": 14, "num_statements": 17, "percent_covered": 82.3529411764706, "percent_covered_display": "82", "missing_lines": 3, "excluded_lines": 0, "percent_statements_covered": 82.3529411764706, "percent_statements_covered_display": "82"}, "missing_lines": [467, 468, 475], "excluded_lines": [], "start_line": 446}, "FileTable._item_update": {"executed_lines": [494, 495, 496, 497], "summary": {"covered_lines": 4, "num_statements": 4, "percent_covered": 100.0, "percent_covered_display": "100", "missing_lines": 0, "excluded_lines": 0, "percent_statements_covered": 100.0, "percent_statements_covered_display": "100"}, "missing_lines": [], "excluded_lines": [], "start_line": 483}, "FileTable.set_job_status": {"executed_lines": [], "summary": {"covered_lines": 0, "num_statements": 2, "percent_covered": 0.0, "percent_covered_display": "0", "missing_lines": 2, "excluded_lines": 0, "percent_statements_covered": 0.0, "percent_statements_covered_display": "0"}, "missing_lines": [507, 508], "excluded_lines": [], "start_line": 499}, "FileTable._update_hdf5_status": {"executed_lines": [], "summary": {"covered_lines": 0, "num_statements": 6, "percent_covered": 0.0, "percent_covered_display": "0", "missing_lines": 6, "excluded_lines": 0, "percent_statements_covered": 0.0, "percent_statements_covered_display": "0"}, "missing_lines": [518, 519, 520, 521, 528, 529], "excluded_lines": [], "start_line": 510}, "FileTable.update": {"executed_lines": [540, 544, 545, 546, 554, 560, 565, 566, 567], "summary": {"covered_lines": 9, "num_statements": 15, "percent_covered": 60.0, "percent_covered_display": "60", "missing_lines": 6, "excluded_lines": 0, "percent_statements_covered": 60.0, "percent_statements_covered_display": "60"}, "missing_lines": [568, 571, 572, 573, 574, 578], "excluded_lines": [], "start_line": 536}, "FileTable.get_extract": {"executed_lines": [592, 593, 594, 595, 596, 615, 616, 617], "summary": {"covered_lines": 8, "num_statements": 8, "percent_covered": 100.0, "percent_covered_display": "100", "missing_lines": 0, "excluded_lines": 0, "percent_statements_covered": 100.0, "percent_statements_covered_display": "100"}, "missing_lines": [], "excluded_lines": [], "start_line": 581}, "FileTable._get_job_status_from_hdf5": {"executed_lines": [629, 630, 631], "summary": {"covered_lines": 3, "num_statements": 3, "percent_covered": 100.0, "percent_covered_display": "100", "missing_lines": 0, "excluded_lines": 0, "percent_statements_covered": 100.0, "percent_statements_covered_display": "100"}, "missing_lines": [], "excluded_lines": [], "start_line": 619}, "FileTable._get_job_table": {"executed_lines": [659, 660, 662, 663, 664, 672], "summary": {"covered_lines": 6, "num_statements": 8, "percent_covered": 75.0, "percent_covered_display": "75", "missing_lines": 2, "excluded_lines": 0, "percent_statements_covered": 75.0, "percent_statements_covered_display": "75"}, "missing_lines": [661, 668], "excluded_lines": [], "start_line": 636}, "FileTable._get_table_headings": {"executed_lines": [700], "summary": {"covered_lines": 1, "num_statements": 1, "percent_covered": 100.0, "percent_covered_display": "100", "missing_lines": 0, "excluded_lines": 0, "percent_statements_covered": 100.0, "percent_statements_covered_display": "100"}, "missing_lines": [], "excluded_lines": [], "start_line": 674}, "FileTable._get_view_mode": {"executed_lines": [], "summary": {"covered_lines": 0, "num_statements": 1, "percent_covered": 0.0, "percent_covered_display": "0", "missing_lines": 1, "excluded_lines": 0, "percent_statements_covered": 0.0, "percent_statements_covered_display": "0"}, "missing_lines": [709], "excluded_lines": [], "start_line": 702}, "filter_function": {"executed_lines": [722], "summary": {"covered_lines": 1, "num_statements": 1, "percent_covered": 100.0, "percent_covered_display": "100", "missing_lines": 0, "excluded_lines": 0, "percent_statements_covered": 100.0, "percent_statements_covered_display": "100"}, "missing_lines": [], "excluded_lines": [], "start_line": 712}, "get_hamilton_from_file": {"executed_lines": [736], "summary": {"covered_lines": 1, "num_statements": 1, "percent_covered": 100.0, "percent_covered_display": "100", "missing_lines": 0, "excluded_lines": 0, "percent_statements_covered": 100.0, "percent_statements_covered_display": "100"}, "missing_lines": [], "excluded_lines": [], "start_line": 725}, "get_hamilton_version_from_file": {"executed_lines": [754], "summary": {"covered_lines": 1, "num_statements": 1, "percent_covered": 100.0, "percent_covered_display": "100", "missing_lines": 0, "excluded_lines": 0, "percent_statements_covered": 100.0, "percent_statements_covered_display": "100"}, "missing_lines": [], "excluded_lines": [], "start_line": 743}, "get_job_status_from_file": {"executed_lines": [768, 769, 771], "summary": {"covered_lines": 3, "num_statements": 3, "percent_covered": 100.0, "percent_covered_display": "100", "missing_lines": 0, "excluded_lines": 0, "percent_statements_covered": 100.0, "percent_statements_covered_display": "100"}, "missing_lines": [], "excluded_lines": [], "start_line": 757}, "_get_most_common_path": {"executed_lines": [785, 786, 787, 789], "summary": {"covered_lines": 4, "num_statements": 4, "percent_covered": 100.0, "percent_covered_display": "100", "missing_lines": 0, "excluded_lines": 0, "percent_statements_covered": 100.0, "percent_statements_covered_display": "100"}, "missing_lines": [], "excluded_lines": [], "start_line": 774}, "": {"executed_lines": [8, 9, 10, 11, 12, 14, 15, 16, 17, 19, 21, 22, 26, 27, 28, 29, 30, 33, 53, 59, 61, 70, 82, 97, 104, 148, 163, 183, 220, 252, 329, 372, 410, 422, 446, 483, 499, 510, 536, 580, 581, 619, 636, 674, 702, 712, 725, 743, 757, 774], "summary": {"covered_lines": 50, "num_statements": 50, "percent_covered": 100.0, "percent_covered_display": "100", "missing_lines": 0, "excluded_lines": 0, "percent_statements_covered": 100.0, "percent_statements_covered_display": "100"}, "missing_lines": [], "excluded_lines": [], "start_line": 1}}, "classes": {"FileTableSingleton": {"executed_lines": [62, 63, 64, 68, 73, 76, 77, 79], "summary": {"covered_lines": 8, "num_statements": 8, "percent_covered": 100.0, "percent_covered_display": "100", "missing_lines": 0, "excluded_lines": 0, "percent_statements_covered": 100.0, "percent_statements_covered_display": "100"}, "missing_lines": [], "excluded_lines": [], "start_line": 53}, "FileTable": {"executed_lines": [98, 99, 100, 101, 102, 129, 130, 131, 133, 134, 140, 141, 142, 143, 146, 155, 156, 157, 161, 170, 171, 173, 176, 177, 178, 179, 181, 200, 202, 203, 204, 205, 207, 208, 209, 215, 218, 246, 247, 313, 314, 315, 316, 317, 319, 322, 323, 324, 325, 349, 351, 353, 360, 365, 366, 367, 370, 385, 387, 388, 389, 390, 391, 392, 396, 401, 403, 404, 420, 459, 460, 461, 462, 463, 464, 465, 466, 470, 471, 474, 479, 480, 481, 494, 495, 496, 497, 540, 544, 545, 546, 554, 560, 565, 566, 567, 592, 593, 594, 595, 596, 615, 616, 617, 629, 630, 631, 659, 660, 662, 663, 664, 672, 700], "summary": {"covered_lines": 114, "num_statements": 157, "percent_covered": 72.61146496815287, "percent_covered_display": "73", "missing_lines": 43, "excluded_lines": 0, "percent_statements_covered": 72.61146496815287, "percent_statements_covered_display": "73"}, "missing_lines": [201, 210, 318, 320, 327, 350, 352, 361, 362, 363, 364, 386, 397, 402, 406, 432, 433, 434, 435, 436, 442, 443, 444, 467, 468, 475, 507, 508, 518, 519, 520, 521, 528, 529, 568, 571, 572, 573, 574, 578, 661, 668, 709], "excluded_lines": [], "start_line": 82}, "": {"executed_lines": [8, 9, 10, 11, 12, 14, 15, 16, 17, 19, 21, 22, 26, 27, 28, 29, 30, 33, 53, 59, 61, 70, 82, 97, 104, 148, 163, 183, 220, 252, 329, 372, 410, 422, 446, 483, 499, 510, 536, 580, 581, 619, 636, 674, 702, 712, 722, 725, 736, 743, 754, 757, 768, 769, 771, 774, 785, 786, 787, 789], "summary": {"covered_lines": 60, "num_statements": 60, "percent_covered": 100.0, "percent_covered_display": "100", "missing_lines": 0, "excluded_lines": 0, "percent_statements_covered": 100.0, "percent_statements_covered_display": "100"}, "missing_lines": [], "excluded_lines": [], "start_line": 1}}}, "pyiron_base/database/generic.py": {"executed_lines": [8, 9, 10, 11, 12, 13, 14, 15, 17, 18, 19, 20, 21, 22, 30, 31, 32, 33, 35, 36, 37, 39, 40, 44, 45, 46, 47, 48, 51, 76, 85, 86, 87, 88, 89, 91, 95, 96, 97, 98, 99, 100, 101, 102, 103, 106, 108, 112, 114, 118, 119, 122, 123, 124, 125, 126, 127, 128, 129, 131, 132, 133, 134, 135, 138, 143, 144, 147, 148, 151, 152, 153, 154, 156, 157, 164, 165, 166, 168, 169, 170, 173, 187, 198, 199, 200, 201, 202, 203, 213, 214, 215, 216, 220, 222, 223, 224, 227, 230, 239, 293, 310, 311, 313, 315, 316, 318, 320, 322, 325, 326, 329, 330, 332, 334, 335, 337, 338, 340, 342, 345, 346, 348, 357, 364, 367, 374, 377, 384, 385, 387, 388, 398, 399, 400, 401, 402, 403, 404, 405, 408, 434, 435, 436, 437, 438, 445, 447, 460, 461, 462, 463, 464, 470, 472, 485, 487, 489, 497, 504, 505, 511, 513, 520, 530, 556, 557, 558, 559, 560, 561, 564, 567, 568, 570, 571, 572, 574, 602, 603, 605, 610, 611, 619, 620, 622, 624, 638, 639, 641, 642, 647, 648, 649, 659, 662, 673, 678, 679, 680, 682, 686, 694, 701, 702, 703, 706, 734, 736, 738, 739, 740, 741, 746, 747, 751, 753, 763, 823, 824, 825, 827, 829, 833, 834, 843, 845, 846, 848, 850, 851, 852, 854, 857, 858, 867, 868, 870, 872, 873, 874, 878], "summary": {"covered_lines": 242, "num_statements": 311, "percent_covered": 77.81350482315112, "percent_covered_display": "78", "missing_lines": 69, "excluded_lines": 0, "percent_statements_covered": 77.81350482315112, "percent_statements_covered_display": "78"}, "missing_lines": [104, 105, 139, 204, 210, 211, 217, 218, 295, 302, 303, 304, 305, 306, 321, 323, 333, 339, 341, 343, 375, 443, 444, 486, 488, 495, 510, 569, 604, 608, 609, 612, 613, 614, 616, 617, 618, 621, 650, 651, 652, 654, 655, 657, 658, 660, 683, 735, 737, 742, 754, 830, 859, 860, 861, 863, 864, 866, 869, 875, 876, 879, 880, 881, 882, 883, 890, 891, 892], "excluded_lines": [], "functions": {"ConnectionWatchDog.__init__": {"executed_lines": [85, 86, 87, 88, 89], "summary": {"covered_lines": 5, "num_statements": 5, "percent_covered": 100.0, "percent_covered_display": "100", "missing_lines": 0, "excluded_lines": 0, "percent_statements_covered": 100.0, "percent_statements_covered_display": "100"}, "missing_lines": [], "excluded_lines": [], "start_line": 76}, "ConnectionWatchDog.run": {"executed_lines": [95, 96, 97, 98, 99, 100, 101, 102, 103, 106], "summary": {"covered_lines": 10, "num_statements": 12, "percent_covered": 83.33333333333333, "percent_covered_display": "83", "missing_lines": 2, "excluded_lines": 0, "percent_statements_covered": 83.33333333333333, "percent_statements_covered_display": "83"}, "missing_lines": [104, 105], "excluded_lines": [], "start_line": 91}, "ConnectionWatchDog.kick": {"executed_lines": [112], "summary": {"covered_lines": 1, "num_statements": 1, "percent_covered": 100.0, "percent_covered_display": "100", "missing_lines": 0, "excluded_lines": 0, "percent_statements_covered": 100.0, "percent_statements_covered_display": "100"}, "missing_lines": [], "excluded_lines": [], "start_line": 108}, "ConnectionWatchDog.kill": {"executed_lines": [118, 119], "summary": {"covered_lines": 2, "num_statements": 2, "percent_covered": 100.0, "percent_covered_display": "100", "missing_lines": 0, "excluded_lines": 0, "percent_statements_covered": 100.0, "percent_statements_covered_display": "100"}, "missing_lines": [], "excluded_lines": [], "start_line": 114}, "AutorestoredConnection.__init__": {"executed_lines": [124, 125, 126, 127, 128, 129], "summary": {"covered_lines": 6, "num_statements": 6, "percent_covered": 100.0, "percent_covered_display": "100", "missing_lines": 0, "excluded_lines": 0, "percent_statements_covered": 100.0, "percent_statements_covered_display": "100"}, "missing_lines": [], "excluded_lines": [], "start_line": 123}, "AutorestoredConnection.execute_once": {"executed_lines": [132, 133, 134, 135, 138, 143, 144, 147, 148, 151, 152, 153, 154], "summary": {"covered_lines": 13, "num_statements": 14, "percent_covered": 92.85714285714286, "percent_covered_display": "93", "missing_lines": 1, "excluded_lines": 0, "percent_statements_covered": 92.85714285714286, "percent_statements_covered_display": "93"}, "missing_lines": [139], "excluded_lines": [], "start_line": 131}, "AutorestoredConnection.execute": {"executed_lines": [157], "summary": {"covered_lines": 1, "num_statements": 1, "percent_covered": 100.0, "percent_covered_display": "100", "missing_lines": 0, "excluded_lines": 0, "percent_statements_covered": 100.0, "percent_statements_covered_display": "100"}, "missing_lines": [], "excluded_lines": [], "start_line": 156}, "AutorestoredConnection.close": {"executed_lines": [165, 166], "summary": {"covered_lines": 2, "num_statements": 2, "percent_covered": 100.0, "percent_covered_display": "100", "missing_lines": 0, "excluded_lines": 0, "percent_statements_covered": 100.0, "percent_statements_covered_display": "100"}, "missing_lines": [], "excluded_lines": [], "start_line": 164}, "AutorestoredConnection.commit": {"executed_lines": [169, 170], "summary": {"covered_lines": 2, "num_statements": 2, "percent_covered": 100.0, "percent_covered_display": "100", "missing_lines": 0, "excluded_lines": 0, "percent_statements_covered": 100.0, "percent_statements_covered_display": "100"}, "missing_lines": [], "excluded_lines": [], "start_line": 168}, "DatabaseAccess.__init__": {"executed_lines": [198, 199, 200, 201, 202, 203, 213, 214, 215, 216, 220, 222, 230], "summary": {"covered_lines": 13, "num_statements": 18, "percent_covered": 72.22222222222223, "percent_covered_display": "72", "missing_lines": 5, "excluded_lines": 0, "percent_statements_covered": 72.22222222222223, "percent_statements_covered_display": "72"}, "missing_lines": [204, 210, 211, 217, 218], "excluded_lines": [], "start_line": 187}, "DatabaseAccess.__init__._create_table": {"executed_lines": [223, 224, 227], "summary": {"covered_lines": 3, "num_statements": 3, "percent_covered": 100.0, "percent_covered_display": "100", "missing_lines": 0, "excluded_lines": 0, "percent_statements_covered": 100.0, "percent_statements_covered_display": "100"}, "missing_lines": [], "excluded_lines": [], "start_line": 222}, "DatabaseAccess._job_dict": {"executed_lines": [293, 310, 311, 313, 315, 316, 318, 320, 322, 325, 326, 329, 330, 332, 334, 335, 337, 338, 340, 342, 345, 346], "summary": {"covered_lines": 22, "num_statements": 29, "percent_covered": 75.86206896551724, "percent_covered_display": "76", "missing_lines": 7, "excluded_lines": 0, "percent_statements_covered": 75.86206896551724, "percent_statements_covered_display": "76"}, "missing_lines": [295, 321, 323, 333, 339, 341, 343], "excluded_lines": [], "start_line": 239}, "DatabaseAccess._job_dict.escape": {"executed_lines": [], "summary": {"covered_lines": 0, "num_statements": 5, "percent_covered": 0.0, "percent_covered_display": "0", "missing_lines": 5, "excluded_lines": 0, "percent_statements_covered": 0.0, "percent_statements_covered_display": "0"}, "missing_lines": [302, 303, 304, 305, 306], "excluded_lines": [], "start_line": 295}, "DatabaseAccess._get_job_table": {"executed_lines": [357, 364], "summary": {"covered_lines": 2, "num_statements": 2, "percent_covered": 100.0, "percent_covered_display": "100", "missing_lines": 0, "excluded_lines": 0, "percent_statements_covered": 100.0, "percent_statements_covered_display": "100"}, "missing_lines": [], "excluded_lines": [], "start_line": 348}, "DatabaseAccess.__del__": {"executed_lines": [374], "summary": {"covered_lines": 1, "num_statements": 2, "percent_covered": 50.0, "percent_covered_display": "50", "missing_lines": 1, "excluded_lines": 0, "percent_statements_covered": 50.0, "percent_statements_covered_display": "50"}, "missing_lines": [375], "excluded_lines": [], "start_line": 367}, "DatabaseAccess.__reload_db": {"executed_lines": [384, 385], "summary": {"covered_lines": 2, "num_statements": 2, "percent_covered": 100.0, "percent_covered_display": "100", "missing_lines": 0, "excluded_lines": 0, "percent_statements_covered": 100.0, "percent_statements_covered_display": "100"}, "missing_lines": [], "excluded_lines": [], "start_line": 377}, "DatabaseAccess.regexp": {"executed_lines": [398, 399, 400, 401, 402, 403, 404, 405], "summary": {"covered_lines": 8, "num_statements": 8, "percent_covered": 100.0, "percent_covered_display": "100", "missing_lines": 0, "excluded_lines": 0, "percent_statements_covered": 100.0, "percent_statements_covered_display": "100"}, "missing_lines": [], "excluded_lines": [], "start_line": 388}, "DatabaseAccess._get_table_headings": {"executed_lines": [434, 435, 436, 437, 438, 445], "summary": {"covered_lines": 6, "num_statements": 8, "percent_covered": 75.0, "percent_covered_display": "75", "missing_lines": 2, "excluded_lines": 0, "percent_statements_covered": 75.0, "percent_statements_covered_display": "75"}, "missing_lines": [443, 444], "excluded_lines": [], "start_line": 408}, "DatabaseAccess.add_column": {"executed_lines": [460, 461, 462, 463, 464, 470], "summary": {"covered_lines": 6, "num_statements": 6, "percent_covered": 100.0, "percent_covered_display": "100", "missing_lines": 0, "excluded_lines": 0, "percent_statements_covered": 100.0, "percent_statements_covered_display": "100"}, "missing_lines": [], "excluded_lines": [], "start_line": 447}, "DatabaseAccess.change_column_type": {"executed_lines": [485, 487, 489], "summary": {"covered_lines": 3, "num_statements": 6, "percent_covered": 50.0, "percent_covered_display": "50", "missing_lines": 3, "excluded_lines": 0, "percent_statements_covered": 50.0, "percent_statements_covered_display": "50"}, "missing_lines": [486, 488, 495], "excluded_lines": [], "start_line": 472}, "DatabaseAccess._check_chem_formula_length": {"executed_lines": [504, 505, 511], "summary": {"covered_lines": 3, "num_statements": 4, "percent_covered": 75.0, "percent_covered_display": "75", "missing_lines": 1, "excluded_lines": 0, "percent_statements_covered": 75.0, "percent_statements_covered_display": "75"}, "missing_lines": [510], "excluded_lines": [], "start_line": 497}, "DatabaseAccess._check_duplidates": {"executed_lines": [520], "summary": {"covered_lines": 1, "num_statements": 1, "percent_covered": 100.0, "percent_covered_display": "100", "missing_lines": 0, "excluded_lines": 0, "percent_statements_covered": 100.0, "percent_statements_covered_display": "100"}, "missing_lines": [], "excluded_lines": [], "start_line": 513}, "DatabaseAccess.add_item_dict": {"executed_lines": [556, 557, 558, 559, 560, 561, 564, 567, 568, 570, 571, 572], "summary": {"covered_lines": 12, "num_statements": 13, "percent_covered": 92.3076923076923, "percent_covered_display": "92", "missing_lines": 1, "excluded_lines": 0, "percent_statements_covered": 92.3076923076923, "percent_statements_covered_display": "92"}, "missing_lines": [569], "excluded_lines": [], "start_line": 530}, "DatabaseAccess.__get_items": {"executed_lines": [602, 603, 605, 610, 611, 619, 620, 622], "summary": {"covered_lines": 8, "num_statements": 18, "percent_covered": 44.44444444444444, "percent_covered_display": "44", "missing_lines": 10, "excluded_lines": 0, "percent_statements_covered": 44.44444444444444, "percent_statements_covered_display": "44"}, "missing_lines": [604, 608, 609, 612, 613, 614, 616, 617, 618, 621], "excluded_lines": [], "start_line": 574}, "DatabaseAccess._item_update": {"executed_lines": [638, 639, 641, 642, 647, 648, 649, 659], "summary": {"covered_lines": 8, "num_statements": 16, "percent_covered": 50.0, "percent_covered_display": "50", "missing_lines": 8, "excluded_lines": 0, "percent_statements_covered": 50.0, "percent_statements_covered_display": "50"}, "missing_lines": [650, 651, 652, 654, 655, 657, 658, 660], "excluded_lines": [], "start_line": 624}, "DatabaseAccess.delete_item": {"executed_lines": [673, 678, 679, 680, 682], "summary": {"covered_lines": 5, "num_statements": 6, "percent_covered": 83.33333333333333, "percent_covered_display": "83", "missing_lines": 1, "excluded_lines": 0, "percent_statements_covered": 83.33333333333333, "percent_statements_covered_display": "83"}, "missing_lines": [683], "excluded_lines": [], "start_line": 662}, "DatabaseAccess._get_jobs": {"executed_lines": [694, 701, 702, 703], "summary": {"covered_lines": 4, "num_statements": 4, "percent_covered": 100.0, "percent_covered_display": "100", "missing_lines": 0, "excluded_lines": 0, "percent_statements_covered": 100.0, "percent_statements_covered_display": "100"}, "missing_lines": [], "excluded_lines": [], "start_line": 686}, "DatabaseAccess.get_item_by_id": {"executed_lines": [734, 736, 738, 739, 740, 741, 746, 747, 751], "summary": {"covered_lines": 9, "num_statements": 12, "percent_covered": 75.0, "percent_covered_display": "75", "missing_lines": 3, "excluded_lines": 0, "percent_statements_covered": 75.0, "percent_statements_covered_display": "75"}, "missing_lines": [735, 737, 742], "excluded_lines": [], "start_line": 706}, "DatabaseAccess.query_for_element": {"executed_lines": [], "summary": {"covered_lines": 0, "num_statements": 1, "percent_covered": 0.0, "percent_covered_display": "0", "missing_lines": 1, "excluded_lines": 0, "percent_statements_covered": 0.0, "percent_statements_covered_display": "0"}, "missing_lines": [754], "excluded_lines": [], "start_line": 753}, "DatabaseAccess.get_items_dict": {"executed_lines": [823, 824, 825, 827, 829, 833, 834, 843, 845, 846, 848, 850, 851, 852, 854, 857, 858, 867, 868, 870], "summary": {"covered_lines": 20, "num_statements": 28, "percent_covered": 71.42857142857143, "percent_covered_display": "71", "missing_lines": 8, "excluded_lines": 0, "percent_statements_covered": 71.42857142857143, "percent_statements_covered_display": "71"}, "missing_lines": [830, 859, 860, 861, 863, 864, 866, 869], "excluded_lines": [], "start_line": 763}, "DatabaseAccess.get_job_status": {"executed_lines": [873, 874], "summary": {"covered_lines": 2, "num_statements": 4, "percent_covered": 50.0, "percent_covered_display": "50", "missing_lines": 2, "excluded_lines": 0, "percent_statements_covered": 50.0, "percent_statements_covered_display": "50"}, "missing_lines": [875, 876], "excluded_lines": [], "start_line": 872}, "DatabaseAccess.get_job_working_directory": {"executed_lines": [], "summary": {"covered_lines": 0, "num_statements": 8, "percent_covered": 0.0, "percent_covered_display": "0", "missing_lines": 8, "excluded_lines": 0, "percent_statements_covered": 0.0, "percent_statements_covered_display": "0"}, "missing_lines": [879, 880, 881, 882, 883, 890, 891, 892], "excluded_lines": [], "start_line": 878}, "": {"executed_lines": [8, 9, 10, 11, 12, 13, 14, 15, 17, 18, 19, 20, 21, 22, 30, 31, 32, 33, 35, 36, 37, 39, 40, 44, 45, 46, 47, 48, 51, 76, 91, 108, 114, 122, 123, 131, 156, 164, 168, 173, 187, 239, 348, 367, 377, 387, 388, 408, 447, 472, 497, 513, 530, 574, 624, 662, 686, 706, 753, 763, 872, 878], "summary": {"covered_lines": 62, "num_statements": 62, "percent_covered": 100.0, "percent_covered_display": "100", "missing_lines": 0, "excluded_lines": 0, "percent_statements_covered": 100.0, "percent_statements_covered_display": "100"}, "missing_lines": [], "excluded_lines": [], "start_line": 1}}, "classes": {"ConnectionWatchDog": {"executed_lines": [85, 86, 87, 88, 89, 95, 96, 97, 98, 99, 100, 101, 102, 103, 106, 112, 118, 119], "summary": {"covered_lines": 18, "num_statements": 20, "percent_covered": 90.0, "percent_covered_display": "90", "missing_lines": 2, "excluded_lines": 0, "percent_statements_covered": 90.0, "percent_statements_covered_display": "90"}, "missing_lines": [104, 105], "excluded_lines": [], "start_line": 51}, "AutorestoredConnection": {"executed_lines": [124, 125, 126, 127, 128, 129, 132, 133, 134, 135, 138, 143, 144, 147, 148, 151, 152, 153, 154, 157, 165, 166, 169, 170], "summary": {"covered_lines": 24, "num_statements": 25, "percent_covered": 96.0, "percent_covered_display": "96", "missing_lines": 1, "excluded_lines": 0, "percent_statements_covered": 96.0, "percent_statements_covered_display": "96"}, "missing_lines": [139], "excluded_lines": [], "start_line": 122}, "DatabaseAccess": {"executed_lines": [198, 199, 200, 201, 202, 203, 213, 214, 215, 216, 220, 222, 223, 224, 227, 230, 293, 310, 311, 313, 315, 316, 318, 320, 322, 325, 326, 329, 330, 332, 334, 335, 337, 338, 340, 342, 345, 346, 357, 364, 374, 384, 385, 398, 399, 400, 401, 402, 403, 404, 405, 434, 435, 436, 437, 438, 445, 460, 461, 462, 463, 464, 470, 485, 487, 489, 504, 505, 511, 520, 556, 557, 558, 559, 560, 561, 564, 567, 568, 570, 571, 572, 602, 603, 605, 610, 611, 619, 620, 622, 638, 639, 641, 642, 647, 648, 649, 659, 673, 678, 679, 680, 682, 694, 701, 702, 703, 734, 736, 738, 739, 740, 741, 746, 747, 751, 823, 824, 825, 827, 829, 833, 834, 843, 845, 846, 848, 850, 851, 852, 854, 857, 858, 867, 868, 870, 873, 874], "summary": {"covered_lines": 138, "num_statements": 204, "percent_covered": 67.6470588235294, "percent_covered_display": "68", "missing_lines": 66, "excluded_lines": 0, "percent_statements_covered": 67.6470588235294, "percent_statements_covered_display": "68"}, "missing_lines": [204, 210, 211, 217, 218, 295, 302, 303, 304, 305, 306, 321, 323, 333, 339, 341, 343, 375, 443, 444, 486, 488, 495, 510, 569, 604, 608, 609, 612, 613, 614, 616, 617, 618, 621, 650, 651, 652, 654, 655, 657, 658, 660, 683, 735, 737, 742, 754, 830, 859, 860, 861, 863, 864, 866, 869, 875, 876, 879, 880, 881, 882, 883, 890, 891, 892], "excluded_lines": [], "start_line": 173}, "": {"executed_lines": [8, 9, 10, 11, 12, 13, 14, 15, 17, 18, 19, 20, 21, 22, 30, 31, 32, 33, 35, 36, 37, 39, 40, 44, 45, 46, 47, 48, 51, 76, 91, 108, 114, 122, 123, 131, 156, 164, 168, 173, 187, 239, 348, 367, 377, 387, 388, 408, 447, 472, 497, 513, 530, 574, 624, 662, 686, 706, 753, 763, 872, 878], "summary": {"covered_lines": 62, "num_statements": 62, "percent_covered": 100.0, "percent_covered_display": "100", "missing_lines": 0, "excluded_lines": 0, "percent_statements_covered": 100.0, "percent_statements_covered_display": "100"}, "missing_lines": [], "excluded_lines": [], "start_line": 1}}}, "pyiron_base/database/interface.py": {"executed_lines": [8, 9, 10, 11, 12, 13, 15, 16, 17, 18, 20, 21, 25, 26, 27, 28, 29, 32, 37, 38, 49, 50, 61, 62, 81, 82, 83, 84, 85, 86, 89, 90, 91, 92, 93, 94, 101, 102, 103, 104, 105, 107, 149, 150, 151, 152, 169, 170, 171, 175, 176, 177, 178, 185, 190, 191, 192, 195, 196, 199, 200, 201, 202, 204, 205, 208, 218, 219, 221, 229, 234, 239, 266, 268, 269, 294, 295, 305, 328, 329, 330, 332, 348], "summary": {"covered_lines": 83, "num_statements": 96, "percent_covered": 86.45833333333333, "percent_covered_display": "86", "missing_lines": 13, "excluded_lines": 0, "percent_statements_covered": 86.45833333333333, "percent_statements_covered_display": "86"}, "missing_lines": [47, 59, 95, 172, 173, 186, 189, 193, 197, 206, 230, 292, 303], "excluded_lines": [], "functions": {"IsDatabase.view_mode": {"executed_lines": [], "summary": {"covered_lines": 0, "num_statements": 1, "percent_covered": 0.0, "percent_covered_display": "0", "missing_lines": 1, "excluded_lines": 0, "percent_statements_covered": 0.0, "percent_statements_covered_display": "0"}, "missing_lines": [47], "excluded_lines": [], "start_line": 38}, "IsDatabase._get_job_table": {"executed_lines": [], "summary": {"covered_lines": 0, "num_statements": 1, "percent_covered": 0.0, "percent_covered_display": "0", "missing_lines": 1, "excluded_lines": 0, "percent_statements_covered": 0.0, "percent_statements_covered_display": "0"}, "missing_lines": [59], "excluded_lines": [], "start_line": 50}, "IsDatabase._get_filtered_job_table": {"executed_lines": [81, 82, 83, 84, 85, 86, 89, 90, 91, 92, 93, 94, 101, 102, 103, 104, 105], "summary": {"covered_lines": 17, "num_statements": 18, "percent_covered": 94.44444444444444, "percent_covered_display": "94", "missing_lines": 1, "excluded_lines": 0, "percent_statements_covered": 94.44444444444444, "percent_statements_covered_display": "94"}, "missing_lines": [95], "excluded_lines": [], "start_line": 62}, "IsDatabase.job_table": {"executed_lines": [149, 150, 151, 152, 169, 170, 171, 175, 176, 177, 178, 185, 190, 191, 192], "summary": {"covered_lines": 15, "num_statements": 20, "percent_covered": 75.0, "percent_covered_display": "75", "missing_lines": 5, "excluded_lines": 0, "percent_statements_covered": 75.0, "percent_statements_covered_display": "75"}, "missing_lines": [172, 173, 186, 189, 193], "excluded_lines": [], "start_line": 107}, "IsDatabase._get_table_headings": {"executed_lines": [], "summary": {"covered_lines": 0, "num_statements": 1, "percent_covered": 0.0, "percent_covered_display": "0", "missing_lines": 1, "excluded_lines": 0, "percent_statements_covered": 0.0, "percent_statements_covered_display": "0"}, "missing_lines": [197], "excluded_lines": [], "start_line": 196}, "IsDatabase.item_update": {"executed_lines": [200, 201, 202], "summary": {"covered_lines": 3, "num_statements": 3, "percent_covered": 100.0, "percent_covered_display": "100", "missing_lines": 0, "excluded_lines": 0, "percent_statements_covered": 100.0, "percent_statements_covered_display": "100"}, "missing_lines": [], "excluded_lines": [], "start_line": 199}, "IsDatabase._item_update": {"executed_lines": [], "summary": {"covered_lines": 0, "num_statements": 1, "percent_covered": 0.0, "percent_covered_display": "0", "missing_lines": 1, "excluded_lines": 0, "percent_statements_covered": 0.0, "percent_statements_covered_display": "0"}, "missing_lines": [206], "excluded_lines": [], "start_line": 205}, "IsDatabase._items_update": {"executed_lines": [218, 219], "summary": {"covered_lines": 2, "num_statements": 2, "percent_covered": 100.0, "percent_covered_display": "100", "missing_lines": 0, "excluded_lines": 0, "percent_statements_covered": 100.0, "percent_statements_covered_display": "100"}, "missing_lines": [], "excluded_lines": [], "start_line": 208}, "IsDatabase.set_job_status": {"executed_lines": [229, 234], "summary": {"covered_lines": 2, "num_statements": 3, "percent_covered": 66.66666666666667, "percent_covered_display": "67", "missing_lines": 1, "excluded_lines": 0, "percent_statements_covered": 66.66666666666667, "percent_statements_covered_display": "67"}, "missing_lines": [230], "excluded_lines": [], "start_line": 221}, "IsDatabase.get_table_headings": {"executed_lines": [266], "summary": {"covered_lines": 1, "num_statements": 1, "percent_covered": 100.0, "percent_covered_display": "100", "missing_lines": 0, "excluded_lines": 0, "percent_statements_covered": 100.0, "percent_statements_covered_display": "100"}, "missing_lines": [], "excluded_lines": [], "start_line": 239}, "IsDatabase.get_db_columns": {"executed_lines": [], "summary": {"covered_lines": 0, "num_statements": 1, "percent_covered": 0.0, "percent_covered_display": "0", "missing_lines": 1, "excluded_lines": 0, "percent_statements_covered": 0.0, "percent_statements_covered_display": "0"}, "missing_lines": [292], "excluded_lines": [], "start_line": 269}, "IsDatabase._get_jobs": {"executed_lines": [], "summary": {"covered_lines": 0, "num_statements": 1, "percent_covered": 0.0, "percent_covered_display": "0", "missing_lines": 1, "excluded_lines": 0, "percent_statements_covered": 0.0, "percent_statements_covered_display": "0"}, "missing_lines": [303], "excluded_lines": [], "start_line": 295}, "IsDatabase.get_jobs": {"executed_lines": [328, 329, 330], "summary": {"covered_lines": 3, "num_statements": 3, "percent_covered": 100.0, "percent_covered_display": "100", "missing_lines": 0, "excluded_lines": 0, "percent_statements_covered": 100.0, "percent_statements_covered_display": "100"}, "missing_lines": [], "excluded_lines": [], "start_line": 305}, "IsDatabase.get_job_ids": {"executed_lines": [348], "summary": {"covered_lines": 1, "num_statements": 1, "percent_covered": 100.0, "percent_covered_display": "100", "missing_lines": 0, "excluded_lines": 0, "percent_statements_covered": 100.0, "percent_statements_covered_display": "100"}, "missing_lines": [], "excluded_lines": [], "start_line": 332}, "": {"executed_lines": [8, 9, 10, 11, 12, 13, 15, 16, 17, 18, 20, 21, 25, 26, 27, 28, 29, 32, 37, 38, 49, 50, 61, 62, 107, 195, 196, 199, 204, 205, 208, 221, 239, 268, 269, 294, 295, 305, 332], "summary": {"covered_lines": 39, "num_statements": 39, "percent_covered": 100.0, "percent_covered_display": "100", "missing_lines": 0, "excluded_lines": 0, "percent_statements_covered": 100.0, "percent_statements_covered_display": "100"}, "missing_lines": [], "excluded_lines": [], "start_line": 1}}, "classes": {"IsDatabase": {"executed_lines": [81, 82, 83, 84, 85, 86, 89, 90, 91, 92, 93, 94, 101, 102, 103, 104, 105, 149, 150, 151, 152, 169, 170, 171, 175, 176, 177, 178, 185, 190, 191, 192, 200, 201, 202, 218, 219, 229, 234, 266, 328, 329, 330, 348], "summary": {"covered_lines": 44, "num_statements": 57, "percent_covered": 77.19298245614036, "percent_covered_display": "77", "missing_lines": 13, "excluded_lines": 0, "percent_statements_covered": 77.19298245614036, "percent_statements_covered_display": "77"}, "missing_lines": [47, 59, 95, 172, 173, 186, 189, 193, 197, 206, 230, 292, 303], "excluded_lines": [], "start_line": 32}, "": {"executed_lines": [8, 9, 10, 11, 12, 13, 15, 16, 17, 18, 20, 21, 25, 26, 27, 28, 29, 32, 37, 38, 49, 50, 61, 62, 107, 195, 196, 199, 204, 205, 208, 221, 239, 268, 269, 294, 295, 305, 332], "summary": {"covered_lines": 39, "num_statements": 39, "percent_covered": 100.0, "percent_covered_display": "100", "missing_lines": 0, "excluded_lines": 0, "percent_statements_covered": 100.0, "percent_statements_covered_display": "100"}, "missing_lines": [], "excluded_lines": [], "start_line": 1}}}, "pyiron_base/database/jobtable.py": {"executed_lines": [8, 10, 12, 13, 15, 16, 20, 21, 22, 23, 24, 27, 49, 50, 51, 52, 54, 55, 57, 66, 69, 89, 90, 91, 93, 100, 101, 108, 109, 110, 111, 119, 122, 155, 188], "summary": {"covered_lines": 35, "num_statements": 40, "percent_covered": 87.5, "percent_covered_display": "88", "missing_lines": 5, "excluded_lines": 0, "percent_statements_covered": 87.5, "percent_statements_covered_display": "88"}, "missing_lines": [56, 113, 143, 177, 208], "excluded_lines": [], "functions": {"get_child_ids": {"executed_lines": [49, 50, 51, 52, 54, 55, 57, 66], "summary": {"covered_lines": 8, "num_statements": 9, "percent_covered": 88.88888888888889, "percent_covered_display": "89", "missing_lines": 1, "excluded_lines": 0, "percent_statements_covered": 88.88888888888889, "percent_statements_covered_display": "89"}, "missing_lines": [56], "excluded_lines": [], "start_line": 27}, "get_job_id": {"executed_lines": [89, 90, 91, 93, 100, 101, 108, 109, 110, 111, 119], "summary": {"covered_lines": 11, "num_statements": 12, "percent_covered": 91.66666666666667, "percent_covered_display": "92", "missing_lines": 1, "excluded_lines": 0, "percent_statements_covered": 91.66666666666667, "percent_statements_covered_display": "92"}, "missing_lines": [113], "excluded_lines": [], "start_line": 69}, "set_job_status": {"executed_lines": [], "summary": {"covered_lines": 0, "num_statements": 1, "percent_covered": 0.0, "percent_covered_display": "0", "missing_lines": 1, "excluded_lines": 0, "percent_statements_covered": 0.0, "percent_statements_covered_display": "0"}, "missing_lines": [143], "excluded_lines": [], "start_line": 122}, "get_job_status": {"executed_lines": [], "summary": {"covered_lines": 0, "num_statements": 1, "percent_covered": 0.0, "percent_covered_display": "0", "missing_lines": 1, "excluded_lines": 0, "percent_statements_covered": 0.0, "percent_statements_covered_display": "0"}, "missing_lines": [177], "excluded_lines": [], "start_line": 155}, "get_job_working_directory": {"executed_lines": [], "summary": {"covered_lines": 0, "num_statements": 1, "percent_covered": 0.0, "percent_covered_display": "0", "missing_lines": 1, "excluded_lines": 0, "percent_statements_covered": 0.0, "percent_statements_covered_display": "0"}, "missing_lines": [208], "excluded_lines": [], "start_line": 188}, "": {"executed_lines": [8, 10, 12, 13, 15, 16, 20, 21, 22, 23, 24, 27, 69, 122, 155, 188], "summary": {"covered_lines": 16, "num_statements": 16, "percent_covered": 100.0, "percent_covered_display": "100", "missing_lines": 0, "excluded_lines": 0, "percent_statements_covered": 100.0, "percent_statements_covered_display": "100"}, "missing_lines": [], "excluded_lines": [], "start_line": 1}}, "classes": {"": {"executed_lines": [8, 10, 12, 13, 15, 16, 20, 21, 22, 23, 24, 27, 49, 50, 51, 52, 54, 55, 57, 66, 69, 89, 90, 91, 93, 100, 101, 108, 109, 110, 111, 119, 122, 155, 188], "summary": {"covered_lines": 35, "num_statements": 40, "percent_covered": 87.5, "percent_covered_display": "88", "missing_lines": 5, "excluded_lines": 0, "percent_statements_covered": 87.5, "percent_statements_covered_display": "88"}, "missing_lines": [56, 113, 143, 177, 208], "excluded_lines": [], "start_line": 1}}}, "pyiron_base/database/manager.py": {"executed_lines": [8, 9, 10, 12, 13, 15, 17, 18, 22, 23, 24, 25, 26, 29, 30, 31, 32, 33, 34, 36, 37, 38, 40, 41, 42, 44, 45, 46, 48, 49, 50, 51, 53, 55, 56, 63, 65, 66, 67, 69, 70, 74, 83, 84, 85, 86, 88, 90, 92, 93, 100, 101, 113, 114, 115, 117, 122, 123, 125, 131, 153, 160, 169, 176, 185, 189, 190, 191, 193, 203, 205, 206, 207, 209, 210, 215, 217, 222, 223, 224, 225, 228], "summary": {"covered_lines": 82, "num_statements": 111, "percent_covered": 73.87387387387388, "percent_covered_display": "74", "missing_lines": 29, "excluded_lines": 0, "percent_statements_covered": 73.87387387387388, "percent_statements_covered_display": "74"}, "missing_lines": [71, 72, 75, 87, 89, 91, 95, 102, 103, 105, 141, 142, 144, 145, 146, 147, 148, 149, 154, 156, 157, 158, 164, 165, 167, 173, 174, 180, 181], "excluded_lines": [], "functions": {"DatabaseManager.__init__": {"executed_lines": [31, 32, 33, 34], "summary": {"covered_lines": 4, "num_statements": 4, "percent_covered": 100.0, "percent_covered_display": "100", "missing_lines": 0, "excluded_lines": 0, "percent_statements_covered": 100.0, "percent_statements_covered_display": "100"}, "missing_lines": [], "excluded_lines": [], "start_line": 30}, "DatabaseManager.database": {"executed_lines": [38], "summary": {"covered_lines": 1, "num_statements": 1, "percent_covered": 100.0, "percent_covered_display": "100", "missing_lines": 0, "excluded_lines": 0, "percent_statements_covered": 100.0, "percent_statements_covered_display": "100"}, "missing_lines": [], "excluded_lines": [], "start_line": 37}, "DatabaseManager.using_local_database": {"executed_lines": [42], "summary": {"covered_lines": 1, "num_statements": 1, "percent_covered": 100.0, "percent_covered_display": "100", "missing_lines": 0, "excluded_lines": 0, "percent_statements_covered": 100.0, "percent_statements_covered_display": "100"}, "missing_lines": [], "excluded_lines": [], "start_line": 41}, "DatabaseManager.database_is_disabled": {"executed_lines": [46], "summary": {"covered_lines": 1, "num_statements": 1, "percent_covered": 100.0, "percent_covered_display": "100", "missing_lines": 0, "excluded_lines": 0, "percent_statements_covered": 100.0, "percent_statements_covered_display": "100"}, "missing_lines": [], "excluded_lines": [], "start_line": 45}, "DatabaseManager.project_check_enabled": {"executed_lines": [50, 51, 53], "summary": {"covered_lines": 3, "num_statements": 3, "percent_covered": 100.0, "percent_covered_display": "100", "missing_lines": 0, "excluded_lines": 0, "percent_statements_covered": 100.0, "percent_statements_covered_display": "100"}, "missing_lines": [], "excluded_lines": [], "start_line": 49}, "DatabaseManager.connection_timeout": {"executed_lines": [67], "summary": {"covered_lines": 1, "num_statements": 1, "percent_covered": 100.0, "percent_covered_display": "100", "missing_lines": 0, "excluded_lines": 0, "percent_statements_covered": 100.0, "percent_statements_covered_display": "100"}, "missing_lines": [], "excluded_lines": [], "start_line": 66}, "DatabaseManager._sqlalchemy_string": {"executed_lines": [], "summary": {"covered_lines": 0, "num_statements": 2, "percent_covered": 0.0, "percent_covered_display": "0", "missing_lines": 2, "excluded_lines": 0, "percent_statements_covered": 0.0, "percent_statements_covered_display": "0"}, "missing_lines": [71, 72], "excluded_lines": [], "start_line": 70}, "DatabaseManager._credentialed_sqalchemy_string": {"executed_lines": [], "summary": {"covered_lines": 0, "num_statements": 1, "percent_covered": 0.0, "percent_covered_display": "0", "missing_lines": 1, "excluded_lines": 0, "percent_statements_covered": 0.0, "percent_statements_covered_display": "0"}, "missing_lines": [75], "excluded_lines": [], "start_line": 74}, "DatabaseManager.sql_connection_string": {"executed_lines": [85, 86, 88, 90, 92, 93], "summary": {"covered_lines": 6, "num_statements": 10, "percent_covered": 60.0, "percent_covered_display": "60", "missing_lines": 4, "excluded_lines": 0, "percent_statements_covered": 60.0, "percent_statements_covered_display": "60"}, "missing_lines": [87, 89, 91, 95], "excluded_lines": [], "start_line": 84}, "DatabaseManager.sql_view_connection_string": {"executed_lines": [], "summary": {"covered_lines": 0, "num_statements": 3, "percent_covered": 0.0, "percent_covered_display": "0", "missing_lines": 3, "excluded_lines": 0, "percent_statements_covered": 0.0, "percent_statements_covered_display": "0"}, "missing_lines": [102, 103, 105], "excluded_lines": [], "start_line": 101}, "DatabaseManager.sql_table_name": {"executed_lines": [115], "summary": {"covered_lines": 1, "num_statements": 1, "percent_covered": 100.0, "percent_covered_display": "100", "missing_lines": 0, "excluded_lines": 0, "percent_statements_covered": 100.0, "percent_statements_covered_display": "100"}, "missing_lines": [], "excluded_lines": [], "start_line": 114}, "DatabaseManager.open_connection": {"executed_lines": [122, 123, 125], "summary": {"covered_lines": 3, "num_statements": 3, "percent_covered": 100.0, "percent_covered_display": "100", "missing_lines": 0, "excluded_lines": 0, "percent_statements_covered": 100.0, "percent_statements_covered_display": "100"}, "missing_lines": [], "excluded_lines": [], "start_line": 117}, "DatabaseManager.switch_to_local_database": {"executed_lines": [], "summary": {"covered_lines": 0, "num_statements": 8, "percent_covered": 0.0, "percent_covered_display": "0", "missing_lines": 8, "excluded_lines": 0, "percent_statements_covered": 0.0, "percent_statements_covered_display": "0"}, "missing_lines": [141, 142, 144, 145, 146, 147, 148, 149], "excluded_lines": [], "start_line": 131}, "DatabaseManager.open_local_sqlite_connection": {"executed_lines": [], "summary": {"covered_lines": 0, "num_statements": 4, "percent_covered": 0.0, "percent_covered_display": "0", "missing_lines": 4, "excluded_lines": 0, "percent_statements_covered": 0.0, "percent_statements_covered_display": "0"}, "missing_lines": [154, 156, 157, 158], "excluded_lines": [], "start_line": 153}, "DatabaseManager.switch_to_central_database": {"executed_lines": [], "summary": {"covered_lines": 0, "num_statements": 3, "percent_covered": 0.0, "percent_covered_display": "0", "missing_lines": 3, "excluded_lines": 0, "percent_statements_covered": 0.0, "percent_statements_covered_display": "0"}, "missing_lines": [164, 165, 167], "excluded_lines": [], "start_line": 160}, "DatabaseManager.switch_to_viewer_mode": {"executed_lines": [], "summary": {"covered_lines": 0, "num_statements": 2, "percent_covered": 0.0, "percent_covered_display": "0", "missing_lines": 2, "excluded_lines": 0, "percent_statements_covered": 0.0, "percent_statements_covered_display": "0"}, "missing_lines": [173, 174], "excluded_lines": [], "start_line": 169}, "DatabaseManager.switch_to_user_mode": {"executed_lines": [], "summary": {"covered_lines": 0, "num_statements": 2, "percent_covered": 0.0, "percent_covered_display": "0", "m
[...]
": 0, "excluded_lines": 0, "percent_statements_covered": 100.0, "percent_statements_covered_display": "100"}, "missing_lines": [], "excluded_lines": [], "start_line": 760}, "LogTag.test_split": {"executed_lines": [781, 782, 783], "summary": {"covered_lines": 3, "num_statements": 3, "percent_covered": 100.0, "percent_covered_display": "100", "missing_lines": 0, "excluded_lines": 0, "percent_statements_covered": 100.0, "percent_statements_covered_display": "100"}, "missing_lines": [], "excluded_lines": [], "start_line": 773}, "LogTag.is_func": {"executed_lines": [792, 793], "summary": {"covered_lines": 2, "num_statements": 2, "percent_covered": 100.0, "percent_covered_display": "100", "missing_lines": 0, "excluded_lines": 0, "percent_statements_covered": 100.0, "percent_statements_covered_display": "100"}, "missing_lines": [], "excluded_lines": [], "start_line": 785}, "LogTag.apply_func": {"executed_lines": [807, 808, 809], "summary": {"covered_lines": 3, "num_statements": 3, "percent_covered": 100.0, "percent_covered_display": "100", "missing_lines": 0, "excluded_lines": 0, "percent_statements_covered": 100.0, "percent_statements_covered_display": "100"}, "missing_lines": [], "excluded_lines": [], "start_line": 795}, "LogTag.set_item": {"executed_lines": [824, 825, 826, 831, 832, 833, 834, 835, 836, 840, 842], "summary": {"covered_lines": 11, "num_statements": 17, "percent_covered": 64.70588235294117, "percent_covered_display": "65", "missing_lines": 6, "excluded_lines": 0, "percent_statements_covered": 64.70588235294117, "percent_statements_covered_display": "65"}, "missing_lines": [827, 828, 829, 838, 839, 841], "excluded_lines": [], "start_line": 811}, "LogTag.resolve_dynamic_variable": {"executed_lines": [851, 852, 853, 854, 856, 857, 858, 859, 860], "summary": {"covered_lines": 9, "num_statements": 9, "percent_covered": 100.0, "percent_covered_display": "100", "missing_lines": 0, "excluded_lines": 0, "percent_statements_covered": 100.0, "percent_statements_covered_display": "100"}, "missing_lines": [], "excluded_lines": [], "start_line": 844}, "": {"executed_lines": [8, 9, 11, 13, 14, 18, 19, 20, 21, 22, 25, 64, 83, 92, 112, 122, 131, 151, 168, 224, 298, 313, 314, 340, 449, 481, 500, 517, 518, 527, 528, 540, 541, 550, 551, 569, 570, 590, 591, 600, 601, 610, 611, 625, 626, 635, 636, 645, 646, 655, 656, 665, 692, 712, 721, 738, 751, 760, 773, 785, 795, 811, 844], "summary": {"covered_lines": 63, "num_statements": 63, "percent_covered": 100.0, "percent_covered_display": "100", "missing_lines": 0, "excluded_lines": 0, "percent_statements_covered": 100.0, "percent_statements_covered_display": "100"}, "missing_lines": [], "excluded_lines": [], "start_line": 1}}, "classes": {"Logstatus": {"executed_lines": [100, 101, 102, 103, 104, 106, 107, 108, 109, 110, 119, 120, 129, 142, 143, 144, 147, 149, 158, 159, 160, 161, 164, 166, 187, 192, 193, 194, 195, 196, 197, 198, 200, 205, 206, 207, 208, 219, 220, 221, 222, 247, 252, 253, 261, 262, 263, 264, 265, 266, 267, 290, 291, 292, 293, 294, 295, 296, 306, 307, 308, 309, 310, 311, 324, 325, 326, 327, 328, 329, 331, 332, 333, 334, 335, 337, 338, 356, 357, 359, 361, 362, 363, 364, 365, 366, 367, 368, 369, 373, 375, 376, 377, 378, 379, 382, 383, 384, 385, 386, 392, 393, 395, 398, 401, 402, 403, 406, 412, 413, 415, 419, 420, 422, 423, 424, 425, 426, 427, 428, 429, 430, 431, 434, 435, 436, 442, 444, 445, 446, 447, 474, 475, 476], "summary": {"covered_lines": 134, "num_statements": 143, "percent_covered": 93.7062937062937, "percent_covered_display": "94", "missing_lines": 9, "excluded_lines": 0, "percent_statements_covered": 93.7062937062937, "percent_statements_covered_display": "94"}, "missing_lines": [370, 371, 374, 380, 381, 404, 405, 433, 440], "excluded_lines": [], "start_line": 83}, "LogTag": {"executed_lines": [506, 507, 508, 509, 510, 511, 512, 513, 514, 515, 525, 535, 536, 537, 538, 548, 567, 586, 587, 588, 598, 608, 618, 619, 620, 621, 622, 623, 633, 643, 653, 663, 677, 678, 681, 682, 683, 684, 685, 687, 688, 689, 690, 705, 706, 707, 708, 710, 719, 731, 732, 733, 734, 736, 745, 746, 747, 758, 767, 768, 769, 770, 771, 781, 782, 783, 792, 793, 807, 808, 809, 824, 825, 826, 831, 832, 833, 834, 835, 836, 840, 842, 851, 852, 853, 854, 856, 857, 858, 859, 860], "summary": {"covered_lines": 91, "num_statements": 98, "percent_covered": 92.85714285714286, "percent_covered_display": "93", "missing_lines": 7, "excluded_lines": 0, "percent_statements_covered": 92.85714285714286, "percent_statements_covered_display": "93"}, "missing_lines": [749, 827, 828, 829, 838, 839, 841], "excluded_lines": [], "start_line": 481}, "": {"executed_lines": [8, 9, 11, 13, 14, 18, 19, 20, 21, 22, 25, 40, 41, 42, 43, 44, 45, 46, 48, 50, 51, 52, 53, 54, 55, 56, 57, 59, 61, 64, 78, 79, 80, 83, 92, 112, 122, 131, 151, 168, 224, 298, 313, 314, 340, 449, 481, 500, 517, 518, 527, 528, 540, 541, 550, 551, 569, 570, 590, 591, 600, 601, 610, 611, 625, 626, 635, 636, 645, 646, 655, 656, 665, 692, 712, 721, 738, 751, 760, 773, 785, 795, 811, 844], "summary": {"covered_lines": 84, "num_statements": 85, "percent_covered": 98.82352941176471, "percent_covered_display": "99", "missing_lines": 1, "excluded_lines": 0, "percent_statements_covered": 98.82352941176471, "percent_statements_covered_display": "99"}, "missing_lines": [47], "excluded_lines": [], "start_line": 1}}}, "pyiron_base/utils/safetar.py": {"executed_lines": [1, 2, 5, 16, 17, 19, 21, 24, 45, 46, 47, 50], "summary": {"covered_lines": 12, "num_statements": 13, "percent_covered": 92.3076923076923, "percent_covered_display": "92", "missing_lines": 1, "excluded_lines": 0, "percent_statements_covered": 92.3076923076923, "percent_statements_covered_display": "92"}, "missing_lines": [48], "excluded_lines": [], "functions": {"is_within_directory": {"executed_lines": [16, 17, 19, 21], "summary": {"covered_lines": 4, "num_statements": 4, "percent_covered": 100.0, "percent_covered_display": "100", "missing_lines": 0, "excluded_lines": 0, "percent_statements_covered": 100.0, "percent_statements_covered_display": "100"}, "missing_lines": [], "excluded_lines": [], "start_line": 5}, "safe_extract": {"executed_lines": [45, 46, 47, 50], "summary": {"covered_lines": 4, "num_statements": 5, "percent_covered": 80.0, "percent_covered_display": "80", "missing_lines": 1, "excluded_lines": 0, "percent_statements_covered": 80.0, "percent_statements_covered_display": "80"}, "missing_lines": [48], "excluded_lines": [], "start_line": 24}, "": {"executed_lines": [1, 2, 5, 24], "summary": {"covered_lines": 4, "num_statements": 4, "percent_covered": 100.0, "percent_covered_display": "100", "missing_lines": 0, "excluded_lines": 0, "percent_statements_covered": 100.0, "percent_statements_covered_display": "100"}, "missing_lines": [], "excluded_lines": [], "start_line": 1}}, "classes": {"": {"executed_lines": [1, 2, 5, 16, 17, 19, 21, 24, 45, 46, 47, 50], "summary": {"covered_lines": 12, "num_statements": 13, "percent_covered": 92.3076923076923, "percent_covered_display": "92", "missing_lines": 1, "excluded_lines": 0, "percent_statements_covered": 92.3076923076923, "percent_statements_covered_display": "92"}, "missing_lines": [48], "excluded_lines": [], "start_line": 1}}}, "pyiron_base/utils/strtobool.py": {"executed_lines": [11, 12, 16, 17, 18, 19, 20, 23, 41, 42, 43, 44, 45, 47], "summary": {"covered_lines": 14, "num_statements": 14, "percent_covered": 100.0, "percent_covered_display": "100", "missing_lines": 0, "excluded_lines": 0, "percent_statements_covered": 100.0, "percent_statements_covered_display": "100"}, "missing_lines": [], "excluded_lines": [], "functions": {"strtobool": {"executed_lines": [41, 42, 43, 44, 45, 47], "summary": {"covered_lines": 6, "num_statements": 6, "percent_covered": 100.0, "percent_covered_display": "100", "missing_lines": 0, "excluded_lines": 0, "percent_statements_covered": 100.0, "percent_statements_covered_display": "100"}, "missing_lines": [], "excluded_lines": [], "start_line": 23}, "": {"executed_lines": [11, 12, 16, 17, 18, 19, 20, 23], "summary": {"covered_lines": 8, "num_statements": 8, "percent_covered": 100.0, "percent_covered_display": "100", "missing_lines": 0, "excluded_lines": 0, "percent_statements_covered": 100.0, "percent_statements_covered_display": "100"}, "missing_lines": [], "excluded_lines": [], "start_line": 1}}, "classes": {"": {"executed_lines": [11, 12, 16, 17, 18, 19, 20, 23, 41, 42, 43, 44, 45, 47], "summary": {"covered_lines": 14, "num_statements": 14, "percent_covered": 100.0, "percent_covered_display": "100", "missing_lines": 0, "excluded_lines": 0, "percent_statements_covered": 100.0, "percent_statements_covered_display": "100"}, "missing_lines": [], "excluded_lines": [], "start_line": 1}}}, "pyiron_base/utils/units.py": {"executed_lines": [5, 6, 8, 9, 11, 13, 14, 20, 43, 50, 51, 52, 54, 55, 62, 64, 65, 73, 75, 76, 83, 85, 100, 101, 102, 103, 105, 119, 120, 121, 123, 130, 143, 144, 145, 146, 148, 152, 165, 166, 167, 168, 170, 177, 224, 232, 233, 234, 235, 237, 238, 239, 240, 241, 245, 246, 247, 251, 263, 273, 275, 285, 287, 297, 299, 309, 311, 327, 329, 330, 331, 332, 337, 339, 340, 342, 343, 344, 345, 350, 352, 353, 355, 356, 357, 358, 366, 368, 369, 371, 372, 373, 374, 382, 384, 386, 388, 400, 402, 414, 416, 427, 429, 440], "summary": {"covered_lines": 104, "num_statements": 104, "percent_covered": 100.0, "percent_covered_display": "100", "missing_lines": 0, "excluded_lines": 0, "percent_statements_covered": 100.0, "percent_statements_covered_display": "100"}, "missing_lines": [], "excluded_lines": [], "functions": {"PyironUnitRegistry.__init__": {"executed_lines": [50, 51, 52], "summary": {"covered_lines": 3, "num_statements": 3, "percent_covered": 100.0, "percent_covered_display": "100", "missing_lines": 0, "excluded_lines": 0, "percent_statements_covered": 100.0, "percent_statements_covered_display": "100"}, "missing_lines": [], "excluded_lines": [], "start_line": 43}, "PyironUnitRegistry.quantity_dict": {"executed_lines": [62], "summary": {"covered_lines": 1, "num_statements": 1, "percent_covered": 100.0, "percent_covered_display": "100", "missing_lines": 0, "excluded_lines": 0, "percent_statements_covered": 100.0, "percent_statements_covered_display": "100"}, "missing_lines": [], "excluded_lines": [], "start_line": 55}, "PyironUnitRegistry.dtype_dict": {"executed_lines": [73], "summary": {"covered_lines": 1, "num_statements": 1, "percent_covered": 100.0, "percent_covered_display": "100", "missing_lines": 0, "excluded_lines": 0, "percent_statements_covered": 100.0, "percent_statements_covered_display": "100"}, "missing_lines": [], "excluded_lines": [], "start_line": 65}, "PyironUnitRegistry.unit_dict": {"executed_lines": [83], "summary": {"covered_lines": 1, "num_statements": 1, "percent_covered": 100.0, "percent_covered_display": "100", "missing_lines": 0, "excluded_lines": 0, "percent_statements_covered": 100.0, "percent_statements_covered_display": "100"}, "missing_lines": [], "excluded_lines": [], "start_line": 76}, "PyironUnitRegistry.add_quantity": {"executed_lines": [100, 101, 102, 103], "summary": {"covered_lines": 4, "num_statements": 4, "percent_covered": 100.0, "percent_covered_display": "100", "missing_lines": 0, "excluded_lines": 0, "percent_statements_covered": 100.0, "percent_statements_covered_display": "100"}, "missing_lines": [], "excluded_lines": [], "start_line": 85}, "PyironUnitRegistry.add_labels": {"executed_lines": [119, 120, 121, 123], "summary": {"covered_lines": 4, "num_statements": 4, "percent_covered": 100.0, "percent_covered_display": "100", "missing_lines": 0, "excluded_lines": 0, "percent_statements_covered": 100.0, "percent_statements_covered_display": "100"}, "missing_lines": [], "excluded_lines": [], "start_line": 105}, "PyironUnitRegistry.__getitem__": {"executed_lines": [143, 144, 145, 146, 148], "summary": {"covered_lines": 5, "num_statements": 5, "percent_covered": 100.0, "percent_covered_display": "100", "missing_lines": 0, "excluded_lines": 0, "percent_statements_covered": 100.0, "percent_statements_covered_display": "100"}, "missing_lines": [], "excluded_lines": [], "start_line": 130}, "PyironUnitRegistry.get_dtype": {"executed_lines": [165, 166, 167, 168, 170], "summary": {"covered_lines": 5, "num_statements": 5, "percent_covered": 100.0, "percent_covered_display": "100", "missing_lines": 0, "excluded_lines": 0, "percent_statements_covered": 100.0, "percent_statements_covered_display": "100"}, "missing_lines": [], "excluded_lines": [], "start_line": 152}, "UnitConverter.__init__": {"executed_lines": [232, 233, 234, 235], "summary": {"covered_lines": 4, "num_statements": 4, "percent_covered": 100.0, "percent_covered_display": "100", "missing_lines": 0, "excluded_lines": 0, "percent_statements_covered": 100.0, "percent_statements_covered_display": "100"}, "missing_lines": [], "excluded_lines": [], "start_line": 224}, "UnitConverter._check_quantities": {"executed_lines": [238, 239, 240, 241], "summary": {"covered_lines": 4, "num_statements": 4, "percent_covered": 100.0, "percent_covered_display": "100", "missing_lines": 0, "excluded_lines": 0, "percent_statements_covered": 100.0, "percent_statements_covered_display": "100"}, "missing_lines": [], "excluded_lines": [], "start_line": 237}, "UnitConverter._check_dimensionality": {"executed_lines": [246, 247, 251], "summary": {"covered_lines": 3, "num_statements": 3, "percent_covered": 100.0, "percent_covered_display": "100", "missing_lines": 0, "excluded_lines": 0, "percent_statements_covered": 100.0, "percent_statements_covered_display": "100"}, "missing_lines": [], "excluded_lines": [], "start_line": 245}, "UnitConverter.code_to_base_pint": {"executed_lines": [273], "summary": {"covered_lines": 1, "num_statements": 1, "percent_covered": 100.0, "percent_covered_display": "100", "missing_lines": 0, "excluded_lines": 0, "percent_statements_covered": 100.0, "percent_statements_covered_display": "100"}, "missing_lines": [], "excluded_lines": [], "start_line": 263}, "UnitConverter.base_to_code_pint": {"executed_lines": [285], "summary": {"covered_lines": 1, "num_statements": 1, "percent_covered": 100.0, "percent_covered_display": "100", "missing_lines": 0, "excluded_lines": 0, "percent_statements_covered": 100.0, "percent_statements_covered_display": "100"}, "missing_lines": [], "excluded_lines": [], "start_line": 275}, "UnitConverter.code_to_base_value": {"executed_lines": [297], "summary": {"covered_lines": 1, "num_statements": 1, "percent_covered": 100.0, "percent_covered_display": "100", "missing_lines": 0, "excluded_lines": 0, "percent_statements_covered": 100.0, "percent_statements_covered_display": "100"}, "missing_lines": [], "excluded_lines": [], "start_line": 287}, "UnitConverter.base_to_code_value": {"executed_lines": [309], "summary": {"covered_lines": 1, "num_statements": 1, "percent_covered": 100.0, "percent_covered_display": "100", "missing_lines": 0, "excluded_lines": 0, "percent_statements_covered": 100.0, "percent_statements_covered_display": "100"}, "missing_lines": [], "excluded_lines": [], "start_line": 299}, "UnitConverter.__call__": {"executed_lines": [327, 329, 330, 339, 340, 342, 343, 344, 345, 350, 352, 353, 355, 356, 357, 358, 366, 368, 369, 371, 372, 373, 374, 382, 384, 386], "summary": {"covered_lines": 26, "num_statements": 26, "percent_covered": 100.0, "percent_covered_display": "100", "missing_lines": 0, "excluded_lines": 0, "percent_statements_covered": 100.0, "percent_statements_covered_display": "100"}, "missing_lines": [], "excluded_lines": [], "start_line": 311}, "UnitConverter.__call__._decorate_to_base": {"executed_lines": [331, 337], "summary": {"covered_lines": 2, "num_statements": 2, "percent_covered": 100.0, "percent_covered_display": "100", "missing_lines": 0, "excluded_lines": 0, "percent_statements_covered": 100.0, "percent_statements_covered_display": "100"}, "missing_lines": [], "excluded_lines": [], "start_line": 329}, "UnitConverter.__call__._decorate_to_base.dec": {"executed_lines": [332], "summary": {"covered_lines": 1, "num_statements": 1, "percent_covered": 100.0, "percent_covered_display": "100", "missing_lines": 0, "excluded_lines": 0, "percent_statements_covered": 100.0, "percent_statements_covered_display": "100"}, "missing_lines": [], "excluded_lines": [], "start_line": 331}, "UnitConverter.code_to_base": {"executed_lines": [400], "summary": {"covered_lines": 1, "num_statements": 1, "percent_covered": 100.0, "percent_covered_display": "100", "missing_lines": 0, "excluded_lines": 0, "percent_statements_covered": 100.0, "percent_statements_covered_display": "100"}, "missing_lines": [], "excluded_lines": [], "start_line": 388}, "UnitConverter.base_to_code": {"executed_lines": [414], "summary": {"covered_lines": 1, "num_statements": 1, "percent_covered": 100.0, "percent_covered_display": "100", "missing_lines": 0, "excluded_lines": 0, "percent_statements_covered": 100.0, "percent_statements_covered_display": "100"}, "missing_lines": [], "excluded_lines": [], "start_line": 402}, "UnitConverter.code_units": {"executed_lines": [427], "summary": {"covered_lines": 1, "num_statements": 1, "percent_covered": 100.0, "percent_covered_display": "100", "missing_lines": 0, "excluded_lines": 0, "percent_statements_covered": 100.0, "percent_statements_covered_display": "100"}, "missing_lines": [], "excluded_lines": [], "start_line": 416}, "UnitConverter.base_units": {"executed_lines": [440], "summary": {"covered_lines": 1, "num_statements": 1, "percent_covered": 100.0, "percent_covered_display": "100", "missing_lines": 0, "excluded_lines": 0, "percent_statements_covered": 100.0, "percent_statements_covered_display": "100"}, "missing_lines": [], "excluded_lines": [], "start_line": 429}, "": {"executed_lines": [5, 6, 8, 9, 11, 13, 14, 20, 43, 54, 55, 64, 65, 75, 76, 85, 105, 130, 152, 177, 224, 237, 245, 263, 275, 287, 299, 311, 388, 402, 416, 429], "summary": {"covered_lines": 32, "num_statements": 32, "percent_covered": 100.0, "percent_covered_display": "100", "missing_lines": 0, "excluded_lines": 0, "percent_statements_covered": 100.0, "percent_statements_covered_display": "100"}, "missing_lines": [], "excluded_lines": [], "start_line": 1}}, "classes": {"PyironUnitRegistry": {"executed_lines": [50, 51, 52, 62, 73, 83, 100, 101, 102, 103, 119, 120, 121, 123, 143, 144, 145, 146, 148, 165, 166, 167, 168, 170], "summary": {"covered_lines": 24, "num_statements": 24, "percent_covered": 100.0, "percent_covered_display": "100", "missing_lines": 0, "excluded_lines": 0, "percent_statements_covered": 100.0, "percent_statements_covered_display": "100"}, "missing_lines": [], "excluded_lines": [], "start_line": 20}, "UnitConverter": {"executed_lines": [232, 233, 234, 235, 238, 239, 240, 241, 246, 247, 251, 273, 285, 297, 309, 327, 329, 330, 331, 332, 337, 339, 340, 342, 343, 344, 345, 350, 352, 353, 355, 356, 357, 358, 366, 368, 369, 371, 372, 373, 374, 382, 384, 386, 400, 414, 427, 440], "summary": {"covered_lines": 48, "num_statements": 48, "percent_covered": 100.0, "percent_covered_display": "100", "missing_lines": 0, "excluded_lines": 0, "percent_statements_covered": 100.0, "percent_statements_covered_display": "100"}, "missing_lines": [], "excluded_lines": [], "start_line": 177}, "": {"executed_lines": [5, 6, 8, 9, 11, 13, 14, 20, 43, 54, 55, 64, 65, 75, 76, 85, 105, 130, 152, 177, 224, 237, 245, 263, 275, 287, 299, 311, 388, 402, 416, 429], "summary": {"covered_lines": 32, "num_statements": 32, "percent_covered": 100.0, "percent_covered_display": "100", "missing_lines": 0, "excluded_lines": 0, "percent_statements_covered": 100.0, "percent_statements_covered_display": "100"}, "missing_lines": [], "excluded_lines": [], "start_line": 1}}}}, "totals": {"covered_lines": 8376, "num_statements": 10842, "percent_covered": 77.25511898173768, "percent_covered_display": "77", "missing_lines": 2466, "excluded_lines": 13, "percent_statements_covered": 77.25511898173768, "percent_statements_covered_display": "77"}}